Release 14.6 - xst P.68d (nt64)
Copyright (c) 1995-2013 Xilinx, Inc.  All rights reserved.
--> Parameter TMPDIR set to xst/projnav.tmp


Total REAL time to Xst completion: 0.00 secs
Total CPU time to Xst completion: 0.14 secs
 
--> Parameter xsthdpdir set to xst


Total REAL time to Xst completion: 0.00 secs
Total CPU time to Xst completion: 0.14 secs
 
--> Reading design: top.prj

TABLE OF CONTENTS
  1) Synthesis Options Summary
  2) HDL Parsing
  3) HDL Elaboration
  4) HDL Synthesis
       4.1) HDL Synthesis Report
  5) Advanced HDL Synthesis
       5.1) Advanced HDL Synthesis Report
  6) Low Level Synthesis
  7) Partition Report
  8) Design Summary
       8.1) Primitive and Black Box Usage
       8.2) Device utilization summary
       8.3) Partition Resource Summary
       8.4) Timing Report
            8.4.1) Clock Information
            8.4.2) Asynchronous Control Signals Information
            8.4.3) Timing Summary
            8.4.4) Timing Details
            8.4.5) Cross Clock Domains Report


=========================================================================
*                      Synthesis Options Summary                        *
=========================================================================
---- Source Parameters
Input File Name                    : "top.prj"
Ignore Synthesis Constraint File   : NO

---- Target Parameters
Output File Name                   : "top"
Output Format                      : NGC
Target Device                      : xc6slx9-2-tqg144

---- Source Options
Top Module Name                    : top
Automatic FSM Extraction           : YES
FSM Encoding Algorithm             : Auto
Safe Implementation                : No
FSM Style                          : LUT
RAM Extraction                     : Yes
RAM Style                          : Auto
ROM Extraction                     : Yes
Shift Register Extraction          : YES
ROM Style                          : Auto
Resource Sharing                   : YES
Asynchronous To Synchronous        : NO
Shift Register Minimum Size        : 2
Use DSP Block                      : Auto
Automatic Register Balancing       : No

---- Target Options
LUT Combining                      : Auto
Reduce Control Sets                : Auto
Add IO Buffers                     : YES
Global Maximum Fanout              : 100000
Add Generic Clock Buffer(BUFG)     : 16
Register Duplication               : YES
Optimize Instantiated Primitives   : NO
Use Clock Enable                   : Auto
Use Synchronous Set                : Auto
Use Synchronous Reset              : Auto
Pack IO Registers into IOBs        : Auto
Equivalent register Removal        : YES

---- General Options
Optimization Goal                  : Speed
Optimization Effort                : 1
Power Reduction                    : NO
Keep Hierarchy                     : No
Netlist Hierarchy                  : As_Optimized
RTL Output                         : Yes
Global Optimization                : AllClockNets
Read Cores                         : YES
Write Timing Constraints           : NO
Cross Clock Analysis               : NO
Hierarchy Separator                : /
Bus Delimiter                      : <>
Case Specifier                     : Maintain
Slice Utilization Ratio            : 100
BRAM Utilization Ratio             : 100
DSP48 Utilization Ratio            : 100
Auto BRAM Packing                  : NO
Slice Utilization Ratio Delta      : 5

---- Other Options
Cores Search Directories           : {"ipcore_dir/fifo_rx" "ipcore_dir/fifo_tx" "ipcore_dir/clk_gen"  }

=========================================================================


=========================================================================
*                          HDL Parsing                                  *
=========================================================================
Analyzing Verilog file "C:\Users\Roy\Desktop\Proj Local\FPGA-part-time\IIC_eeprom\ipcore_dir\clk_gen\clk_gen.v" into library work
Parsing module <clk_gen>.
Analyzing Verilog file "C:\Users\Roy\Desktop\Proj Local\FPGA-part-time\IIC_eeprom\source\uart\clk_div_uart.v" into library work
Parsing module <clk_div_uart>.
Analyzing Verilog file "C:\Users\Roy\Desktop\Proj Local\FPGA-part-time\IIC_eeprom\source\iic\clk_div_iic.v" into library work
Parsing module <clk_div_iic>.
Analyzing Verilog file "C:\Users\Roy\Desktop\Proj Local\FPGA-part-time\IIC_eeprom\source\uart\uart_tx.v" into library work
Parsing module <uart_tx>.
Analyzing Verilog file "C:\Users\Roy\Desktop\Proj Local\FPGA-part-time\IIC_eeprom\source\uart\uart_rx.v" into library work
Parsing module <uart_rx>.
Analyzing Verilog file "C:\Users\Roy\Desktop\Proj Local\FPGA-part-time\IIC_eeprom\source\iic\iic_ctrl.v" into library work
Parsing module <iic_ctrl>.
Analyzing Verilog file "C:\Users\Roy\Desktop\Proj Local\FPGA-part-time\IIC_eeprom\ipcore_dir\fifo_tx\fifo_tx.v" into library work
Parsing module <fifo_tx>.
Analyzing Verilog file "C:\Users\Roy\Desktop\Proj Local\FPGA-part-time\IIC_eeprom\ipcore_dir\fifo_rx\fifo_rx.v" into library work
Parsing module <fifo_rx>.
Analyzing Verilog file "C:\Users\Roy\Desktop\Proj Local\FPGA-part-time\IIC_eeprom\source\uart_fifo\uart_fifo_tx.v" into library work
Parsing module <uart_fifo_tx>.
Analyzing Verilog file "C:\Users\Roy\Desktop\Proj Local\FPGA-part-time\IIC_eeprom\source\uart_fifo\uart_fifo_rx.v" into library work
Parsing module <uart_fifo_rx>.
Analyzing Verilog file "C:\Users\Roy\Desktop\Proj Local\FPGA-part-time\IIC_eeprom\source\eeprom\eeprom_ctrl.v" into library work
Parsing module <eeprom_ctrl>.
Analyzing Verilog file "C:\Users\Roy\Desktop\Proj Local\FPGA-part-time\IIC_eeprom\source\top\top.v" into library work
Parsing module <top>.

=========================================================================
*                            HDL Elaboration                            *
=========================================================================

Elaborating module <top>.

Elaborating module <clk_gen>.

Elaborating module <IBUFG>.

Elaborating module <DCM_SP(CLKDV_DIVIDE=2.0,CLKFX_DIVIDE=1,CLKFX_MULTIPLY=4,CLKIN_DIVIDE_BY_2="FALSE",CLKIN_PERIOD=40.0,CLKOUT_PHASE_SHIFT="NONE",CLK_FEEDBACK="2X",DESKEW_ADJUST="SYSTEM_SYNCHRONOUS",PHASE_SHIFT=0,STARTUP_WAIT="FALSE")>.
WARNING:HDLCompiler:1127 - "C:\Users\Roy\Desktop\Proj Local\FPGA-part-time\IIC_eeprom\ipcore_dir\clk_gen\clk_gen.v" Line 129: Assignment to status_int ignored, since the identifier is never used

Elaborating module <BUFG>.
WARNING:HDLCompiler:1127 - "C:\Users\Roy\Desktop\Proj Local\FPGA-part-time\IIC_eeprom\source\top\top.v" Line 157: Assignment to eeprom_busy_fe ignored, since the identifier is never used
WARNING:HDLCompiler:413 - "C:\Users\Roy\Desktop\Proj Local\FPGA-part-time\IIC_eeprom\source\top\top.v" Line 165: Result of 27-bit expression is truncated to fit in 7-bit target.
WARNING:HDLCompiler:1127 - "C:\Users\Roy\Desktop\Proj Local\FPGA-part-time\IIC_eeprom\source\top\top.v" Line 164: Assignment to addr ignored, since the identifier is never used

Elaborating module <eeprom_ctrl>.

Elaborating module <iic_ctrl(freq_div=124,cnt_width=7)>.

Elaborating module <clk_div_iic(freq_div=124,cnt_width=7)>.

Elaborating module <uart_fifo_rx>.

Elaborating module <uart_rx(baud_div=216,cnt_width=8)>.

Elaborating module <clk_div_uart(baud_div=216,cnt_width=8)>.

Elaborating module <fifo_rx>.
WARNING:HDLCompiler:1499 - "C:\Users\Roy\Desktop\Proj Local\FPGA-part-time\IIC_eeprom\ipcore_dir\fifo_rx\fifo_rx.v" Line 39: Empty module <fifo_rx> remains a black box.

Elaborating module <uart_fifo_tx>.

Elaborating module <uart_tx(baud_div=216,cnt_width=8)>.

Elaborating module <fifo_tx>.
WARNING:HDLCompiler:1499 - "C:\Users\Roy\Desktop\Proj Local\FPGA-part-time\IIC_eeprom\ipcore_dir\fifo_tx\fifo_tx.v" Line 39: Empty module <fifo_tx> remains a black box.

=========================================================================
*                           HDL Synthesis                               *
=========================================================================

Synthesizing Unit <top>.
    Related source file is "C:\Users\Roy\Desktop\Proj Local\FPGA-part-time\IIC_eeprom\source\top\top.v".
WARNING:Xst:647 - Input <key_enter> is never used. This port will be preserved and left unconnected if it belongs to a top-level block or it belongs to a sub-block and the hierarchy of this sub-block is preserved.
INFO:Xst:3210 - "C:\Users\Roy\Desktop\Proj Local\FPGA-part-time\IIC_eeprom\source\top\top.v" line 168: Output port <ack> of the instance <u_eeprom_ctrl> is unconnected or connected to loadless signal.
INFO:Xst:3210 - "C:\Users\Roy\Desktop\Proj Local\FPGA-part-time\IIC_eeprom\source\top\top.v" line 168: Output port <busy> of the instance <u_eeprom_ctrl> is unconnected or connected to loadless signal.
INFO:Xst:3210 - "C:\Users\Roy\Desktop\Proj Local\FPGA-part-time\IIC_eeprom\source\top\top.v" line 182: Output port <fifo_full> of the instance <i_uart_fifo_rx> is unconnected or connected to loadless signal.
INFO:Xst:3210 - "C:\Users\Roy\Desktop\Proj Local\FPGA-part-time\IIC_eeprom\source\top\top.v" line 182: Output port <fifo_empty> of the instance <i_uart_fifo_rx> is unconnected or connected to loadless signal.
INFO:Xst:3210 - "C:\Users\Roy\Desktop\Proj Local\FPGA-part-time\IIC_eeprom\source\top\top.v" line 197: Output port <fifo_full> of the instance <i_uart_fifo_tx> is unconnected or connected to loadless signal.
INFO:Xst:3210 - "C:\Users\Roy\Desktop\Proj Local\FPGA-part-time\IIC_eeprom\source\top\top.v" line 197: Output port <fifo_empty> of the instance <i_uart_fifo_tx> is unconnected or connected to loadless signal.
INFO:Xst:3210 - "C:\Users\Roy\Desktop\Proj Local\FPGA-part-time\IIC_eeprom\source\top\top.v" line 197: Output port <busy> of the instance <i_uart_fifo_tx> is unconnected or connected to loadless signal.
    Found 1-bit register for signal <working_led>.
    Found 3-bit register for signal <key_up_dly>.
    Found 3-bit register for signal <key_down_dly>.
    Found 3-bit register for signal <key_left_dly>.
    Found 3-bit register for signal <key_right_dly>.
    Found 24-bit register for signal <led_cnt>.
    Found 1-bit register for signal <req>.
    Found 24-bit adder for signal <led_cnt[23]_GND_1_o_add_1_OUT> created at line 78.
    Summary:
	inferred   1 Adder/Subtractor(s).
	inferred  38 D-type flip-flop(s).
	inferred   1 Multiplexer(s).
Unit <top> synthesized.

Synthesizing Unit <clk_gen>.
    Related source file is "C:\Users\Roy\Desktop\Proj Local\FPGA-part-time\IIC_eeprom\ipcore_dir\clk_gen\clk_gen.v".
    Summary:
	no macro.
Unit <clk_gen> synthesized.

Synthesizing Unit <eeprom_ctrl>.
    Related source file is "C:\Users\Roy\Desktop\Proj Local\FPGA-part-time\IIC_eeprom\source\eeprom\eeprom_ctrl.v".
        freq_div = 124
        cnt_width = 7
INFO:Xst:3210 - "C:\Users\Roy\Desktop\Proj Local\FPGA-part-time\IIC_eeprom\source\eeprom\eeprom_ctrl.v" line 330: Output port <ack_in> of the instance <u_iic_ctrl> is unconnected or connected to loadless signal.
    Found 48-bit register for signal <wr_buf>.
    Found 32-bit register for signal <rd_buf>.
    Found 20-bit register for signal <op_buf>.
    Found 4-bit register for signal <op_cnt>.
    Found 4-bit register for signal <ack_out_buf>.
    Found 8-bit register for signal <iic_din>.
    Found 10-bit register for signal <cur_st>.
    Found 1-bit register for signal <ack>.
    Found 1-bit register for signal <iic_ack_out>.
    Found 1-bit register for signal <iic_start_en>.
    Found 1-bit register for signal <iic_wr_en>.
    Found 1-bit register for signal <iic_rd_en>.
    Found 1-bit register for signal <iic_stop_en>.
    Found 1-bit register for signal <busy>.
    Found 2-bit register for signal <cur_op>.
    Found finite state machine <FSM_0> for signal <cur_st>.
    -----------------------------------------------------------------------
    | States             | 10                                             |
    | Transitions        | 21                                             |
    | Inputs             | 7                                              |
    | Outputs            | 10                                             |
    | Clock              | clk (rising_edge)                              |
    | Reset              | rst_n (negative)                               |
    | Reset type         | asynchronous                                   |
    | Reset State        | 0000000001                                     |
    | Encoding           | auto                                           |
    | Implementation     | LUT                                            |
    -----------------------------------------------------------------------
    Found 4-bit subtractor for signal <op_cnt[3]_GND_6_o_sub_25_OUT> created at line 251.
    Summary:
	inferred   1 Adder/Subtractor(s).
	inferred 125 D-type flip-flop(s).
	inferred  13 Multiplexer(s).
	inferred   1 Finite State Machine(s).
Unit <eeprom_ctrl> synthesized.

Synthesizing Unit <iic_ctrl>.
    Related source file is "C:\Users\Roy\Desktop\Proj Local\FPGA-part-time\IIC_eeprom\source\iic\iic_ctrl.v".
        freq_div = 124
        cnt_width = 7
    Found 1-bit register for signal <start_valid_clk_DFF_176>.
    Found 1-bit register for signal <sda_start>.
    Found 1-bit register for signal <sda_idle_clk_DFF_175_q>.
    Found 8-bit register for signal <dout>.
    Found 6-bit register for signal <half_clk_cnt>.
    Found 1-bit register for signal <wr_valid>.
    Found 1-bit register for signal <scl_wr>.
    Found 1-bit register for signal <sda_wr>.
    Found 1-bit register for signal <ack_in>.
    Found 1-bit register for signal <rd_valid>.
    Found 1-bit register for signal <scl_rd>.
    Found 1-bit register for signal <rd_pulse_r>.
    Found 1-bit register for signal <sda_rd>.
    Found 1-bit register for signal <start_valid>.
    Found 1-bit register for signal <scl_start>.
    Found 1-bit register for signal <stop_valid>.
    Found 1-bit register for signal <scl_stop>.
    Found 1-bit register for signal <sda_stop>.
    Found 6-bit adder for signal <half_clk_cnt[5]_GND_7_o_add_0_OUT> created at line 92.
    Found 1-bit 8-to-1 multiplexer for signal <_n0139> created at line 133.
    Found 1-bit tristate buffer for signal <sda_idle> created at line 105
    Found 1-bit tristate buffer for signal <sda> created at line 250
    Summary:
	inferred   1 Adder/Subtractor(s).
	inferred  30 D-type flip-flop(s).
	inferred  16 Multiplexer(s).
	inferred   2 Tristate(s).
Unit <iic_ctrl> synthesized.

Synthesizing Unit <clk_div_iic>.
    Related source file is "C:\Users\Roy\Desktop\Proj Local\FPGA-part-time\IIC_eeprom\source\iic\clk_div_iic.v".
        freq_div = 124
        cnt_width = 7
    Found 7-bit register for signal <cnt>.
    Found 1-bit register for signal <half_clk_pulse>.
    Found 7-bit adder for signal <cnt[6]_GND_8_o_add_1_OUT> created at line 38.
    Summary:
	inferred   1 Adder/Subtractor(s).
	inferred   8 D-type flip-flop(s).
	inferred   2 Multiplexer(s).
Unit <clk_div_iic> synthesized.

Synthesizing Unit <uart_fifo_rx>.
    Related source file is "C:\Users\Roy\Desktop\Proj Local\FPGA-part-time\IIC_eeprom\source\uart_fifo\uart_fifo_rx.v".
        baud_div = 216
        cnt_width = 8
    Found 64-bit register for signal <fifo_din>.
    Found 4-bit register for signal <uart_rx_cnt>.
    Found 1-bit register for signal <fifo_wr_en>.
    Found 4-bit adder for signal <uart_rx_cnt[3]_GND_14_o_add_0_OUT> created at line 76.
    Summary:
	inferred   1 Adder/Subtractor(s).
	inferred  69 D-type flip-flop(s).
	inferred   1 Multiplexer(s).
Unit <uart_fifo_rx> synthesized.

Synthesizing Unit <uart_rx>.
    Related source file is "C:\Users\Roy\Desktop\Proj Local\FPGA-part-time\IIC_eeprom\source\uart\uart_rx.v".
        baud_div = 216
        cnt_width = 8
    Found 5-bit register for signal <cnt>.
    Found 8-bit register for signal <rx_dat>.
    Found 3-bit register for signal <rx_rdy_dly>.
    Found 3-bit register for signal <rx_dly>.
    Found 1-bit register for signal <rx_last>.
    Found 5-bit adder for signal <cnt[4]_GND_15_o_add_2_OUT> created at line 77.
    Summary:
	inferred   1 Adder/Subtractor(s).
	inferred  20 D-type flip-flop(s).
	inferred   1 Multiplexer(s).
Unit <uart_rx> synthesized.

Synthesizing Unit <clk_div_uart>.
    Related source file is "C:\Users\Roy\Desktop\Proj Local\FPGA-part-time\IIC_eeprom\source\uart\clk_div_uart.v".
        baud_div = 216
        cnt_width = 8
    Found 1-bit register for signal <o_clk_half_pule>.
    Found 8-bit register for signal <cnt>.
    Found 8-bit adder for signal <cnt[7]_GND_16_o_add_1_OUT> created at line 38.
    Summary:
	inferred   1 Adder/Subtractor(s).
	inferred   9 D-type flip-flop(s).
	inferred   2 Multiplexer(s).
Unit <clk_div_uart> synthesized.

Synthesizing Unit <uart_fifo_tx>.
    Related source file is "C:\Users\Roy\Desktop\Proj Local\FPGA-part-time\IIC_eeprom\source\uart_fifo\uart_fifo_tx.v".
        baud_div = 216
        cnt_width = 8
    Found 64-bit register for signal <uart_tx_dat_64bit>.
    Found 4-bit register for signal <uart_tx_cnt>.
    Found 2-bit register for signal <uart_tx_en_r>.
    Found 8-bit register for signal <uart_tx_dat_8bit>.
    Found 1-bit register for signal <fifo_dout_sync>.
    Found 1-bit register for signal <fifo_dout_sync_dly>.
    Found 1-bit register for signal <fifo_dout_rdy>.
    Found 1-bit register for signal <uart_busy_dly>.
    Found 4-bit adder for signal <uart_tx_cnt[3]_GND_18_o_add_2_OUT> created at line 129.
    Found 8-bit 8-to-1 multiplexer for signal <_n0073> created at line 146.
    Summary:
	inferred   1 Adder/Subtractor(s).
	inferred  82 D-type flip-flop(s).
	inferred   3 Multiplexer(s).
Unit <uart_fifo_tx> synthesized.

Synthesizing Unit <uart_tx>.
    Related source file is "C:\Users\Roy\Desktop\Proj Local\FPGA-part-time\IIC_eeprom\source\uart\uart_tx.v".
        baud_div = 216
        cnt_width = 8
    Found 1-bit register for signal <tx>.
    Found 5-bit register for signal <cnt>.
    Found 8-bit register for signal <tx_dat_r>.
    Found 1-bit register for signal <tx_en_r>.
    Found 1-bit register for signal <tx_last>.
    Found 5-bit adder for signal <cnt[4]_GND_19_o_add_3_OUT> created at line 80.
    Found 1-bit 12-to-1 multiplexer for signal <cnt[4]_PWR_16_o_Mux_7_o> created at line 89.
    Summary:
	inferred   1 Adder/Subtractor(s).
	inferred  16 D-type flip-flop(s).
	inferred   2 Multiplexer(s).
Unit <uart_tx> synthesized.

=========================================================================
HDL Synthesis Report

Macro Statistics
# Adders/Subtractors                                   : 10
 24-bit adder                                          : 1
 4-bit adder                                           : 2
 4-bit subtractor                                      : 1
 5-bit adder                                           : 2
 6-bit adder                                           : 1
 7-bit adder                                           : 1
 8-bit adder                                           : 2
# Registers                                            : 66
 1-bit register                                        : 37
 2-bit register                                        : 2
 20-bit register                                       : 1
 24-bit register                                       : 1
 3-bit register                                        : 6
 32-bit register                                       : 1
 4-bit register                                        : 4
 48-bit register                                       : 1
 5-bit register                                        : 2
 6-bit register                                        : 1
 64-bit register                                       : 2
 7-bit register                                        : 1
 8-bit register                                        : 7
# Multiplexers                                         : 43
 1-bit 12-to-1 multiplexer                             : 1
 1-bit 2-to-1 multiplexer                              : 16
 1-bit 8-to-1 multiplexer                              : 1
 20-bit 2-to-1 multiplexer                             : 1
 24-bit 2-to-1 multiplexer                             : 1
 32-bit 2-to-1 multiplexer                             : 2
 4-bit 2-to-1 multiplexer                              : 6
 48-bit 2-to-1 multiplexer                             : 2
 5-bit 2-to-1 multiplexer                              : 2
 6-bit 2-to-1 multiplexer                              : 1
 7-bit 2-to-1 multiplexer                              : 2
 8-bit 2-to-1 multiplexer                              : 7
 8-bit 8-to-1 multiplexer                              : 1
# Tristates                                            : 2
 1-bit tristate buffer                                 : 2
# FSMs                                                 : 1
# Xors                                                 : 1
 1-bit xor2                                            : 1

=========================================================================

=========================================================================
*                       Advanced HDL Synthesis                          *
=========================================================================

Reading core <ipcore_dir/fifo_rx/fifo_rx.ngc>.
Reading core <ipcore_dir/fifo_tx/fifo_tx.ngc>.
Loading core <fifo_rx> for timing and area information for instance <u_fifo_rx>.
Loading core <fifo_tx> for timing and area information for instance <u_fifo_tx>.
INFO:Xst:2261 - The FF/Latch <scl_wr> in Unit <u_iic_ctrl> is equivalent to the following FF/Latch, which will be removed : <scl_rd> 

Synthesizing (advanced) Unit <iic_ctrl>.
The following registers are absorbed into counter <half_clk_cnt>: 1 register on signal <half_clk_cnt>.
Unit <iic_ctrl> synthesized (advanced).

Synthesizing (advanced) Unit <top>.
The following registers are absorbed into counter <led_cnt>: 1 register on signal <led_cnt>.
Unit <top> synthesized (advanced).

Synthesizing (advanced) Unit <uart_fifo_rx>.
The following registers are absorbed into counter <uart_rx_cnt>: 1 register on signal <uart_rx_cnt>.
Unit <uart_fifo_rx> synthesized (advanced).

Synthesizing (advanced) Unit <uart_fifo_tx>.
The following registers are absorbed into counter <uart_tx_cnt>: 1 register on signal <uart_tx_cnt>.
Unit <uart_fifo_tx> synthesized (advanced).

Synthesizing (advanced) Unit <uart_rx>.
The following registers are absorbed into counter <cnt>: 1 register on signal <cnt>.
Unit <uart_rx> synthesized (advanced).

Synthesizing (advanced) Unit <uart_tx>.
The following registers are absorbed into counter <cnt>: 1 register on signal <cnt>.
Unit <uart_tx> synthesized (advanced).

=========================================================================
Advanced HDL Synthesis Report

Macro Statistics
# Adders/Subtractors                                   : 4
 4-bit subtractor                                      : 1
 7-bit adder                                           : 1
 8-bit adder                                           : 2
# Counters                                             : 6
 24-bit up counter                                     : 1
 4-bit up counter                                      : 2
 5-bit up counter                                      : 2
 6-bit up counter                                      : 1
# Registers                                            : 358
 Flip-Flops                                            : 358
# Multiplexers                                         : 37
 1-bit 12-to-1 multiplexer                             : 1
 1-bit 2-to-1 multiplexer                              : 16
 1-bit 8-to-1 multiplexer                              : 1
 20-bit 2-to-1 multiplexer                             : 1
 32-bit 2-to-1 multiplexer                             : 2
 4-bit 2-to-1 multiplexer                              : 4
 48-bit 2-to-1 multiplexer                             : 2
 7-bit 2-to-1 multiplexer                              : 2
 8-bit 2-to-1 multiplexer                              : 7
 8-bit 8-to-1 multiplexer                              : 1
# FSMs                                                 : 1
# Xors                                                 : 1
 1-bit xor2                                            : 1

=========================================================================

=========================================================================
*                         Low Level Synthesis                           *
=========================================================================
INFO:Xst:2261 - The FF/Latch <scl_wr> in Unit <iic_ctrl> is equivalent to the following FF/Latch, which will be removed : <scl_rd> 
Analyzing FSM <MFsm> for best encoding.
Optimizing FSM <u_eeprom_ctrl/FSM_0> on signal <cur_st[1:10]> with user encoding.
--------------------------
 State      | Encoding
--------------------------
 0000000001 | 0000000001
 0000000010 | 0000000010
 0000000100 | 0000000100
 0000001000 | 0000001000
 1000000000 | 1000000000
 0100000000 | 0100000000
 0000010000 | 0000010000
 0000100000 | 0000100000
 0001000000 | 0001000000
 0010000000 | 0010000000
--------------------------
WARNING:Xst:2677 - Node <u_eeprom_ctrl/busy> of sequential type is unconnected in block <top>.
WARNING:Xst:2677 - Node <u_eeprom_ctrl/ack> of sequential type is unconnected in block <top>.
WARNING:Xst:2677 - Node <u_eeprom_ctrl/u_iic_ctrl/ack_in> of sequential type is unconnected in block <top>.
WARNING:Xst:2041 - Unit top: 1 internal tristate is replaced by logic (pull-up yes): u_eeprom_ctrl/u_iic_ctrl/sda_idle.

Optimizing unit <top> ...

Optimizing unit <uart_fifo_rx> ...

Optimizing unit <uart_rx> ...

Optimizing unit <clk_div_uart> ...

Optimizing unit <clk_div_iic> ...

Optimizing unit <uart_fifo_tx> ...

Optimizing unit <uart_tx> ...
INFO:Xst:2261 - The FF/Latch <u_eeprom_ctrl/op_buf_1> in Unit <top> is equivalent to the following FF/Latch, which will be removed : <u_eeprom_ctrl/op_buf_0> 

Mapping all equations...
Building and optimizing final netlist ...
Found area constraint ratio of 100 (+ 5) on block top, actual ratio is 12.
INFO:Xst:2260 - The FF/Latch <U0/xst_fifo_generator/gconvfifo.rf/grf.rf/rstblk/ngwrdrst.grst.wr_rst_reg_1> in Unit <i_uart_fifo_rx/u_fifo_rx> is equivalent to the following FF/Latch : <U0/xst_fifo_generator/gconvfifo.rf/grf.rf/rstblk/ngwrdrst.grst.wr_rst_reg_0> 
INFO:Xst:2260 - The FF/Latch <U0/xst_fifo_generator/gconvfifo.rf/grf.rf/gntv_or_sync_fifo.gl0.rd/grss.rsts/ram_empty_i> in Unit <i_uart_fifo_rx/u_fifo_rx> is equivalent to the following FF/Latch : <U0/xst_fifo_generator/gconvfifo.rf/grf.rf/gntv_or_sync_fifo.gl0.rd/grss.rsts/ram_empty_fb_i> 
INFO:Xst:2260 - The FF/Latch <U0/xst_fifo_generator/gconvfifo.rf/grf.rf/rstblk/ngwrdrst.grst.rd_rst_reg_2> in Unit <i_uart_fifo_rx/u_fifo_rx> is equivalent to the following FF/Latch : <U0/xst_fifo_generator/gconvfifo.rf/grf.rf/rstblk/ngwrdrst.grst.rd_rst_reg_0> 
INFO:Xst:2260 - The FF/Latch <U0/xst_fifo_generator/gconvfifo.rf/grf.rf/gntv_or_sync_fifo.gl0.wr/gwss.wsts/ram_full_i> in Unit <i_uart_fifo_rx/u_fifo_rx> is equivalent to the following FF/Latch : <U0/xst_fifo_generator/gconvfifo.rf/grf.rf/gntv_or_sync_fifo.gl0.wr/gwss.wsts/ram_full_fb_i> 
INFO:Xst:2260 - The FF/Latch <U0/xst_fifo_generator/gconvfifo.rf/grf.rf/rstblk/ngwrdrst.grst.wr_rst_reg_1> in Unit <i_uart_fifo_tx/u_fifo_tx> is equivalent to the following FF/Latch : <U0/xst_fifo_generator/gconvfifo.rf/grf.rf/rstblk/ngwrdrst.grst.wr_rst_reg_0> 
INFO:Xst:2260 - The FF/Latch <U0/xst_fifo_generator/gconvfifo.rf/grf.rf/gntv_or_sync_fifo.gl0.rd/grss.rsts/ram_empty_i> in Unit <i_uart_fifo_tx/u_fifo_tx> is equivalent to the following FF/Latch : <U0/xst_fifo_generator/gconvfifo.rf/grf.rf/gntv_or_sync_fifo.gl0.rd/grss.rsts/ram_empty_fb_i> 
INFO:Xst:2260 - The FF/Latch <U0/xst_fifo_generator/gconvfifo.rf/grf.rf/rstblk/ngwrdrst.grst.rd_rst_reg_2> in Unit <i_uart_fifo_tx/u_fifo_tx> is equivalent to the following FF/Latch : <U0/xst_fifo_generator/gconvfifo.rf/grf.rf/rstblk/ngwrdrst.grst.rd_rst_reg_0> 
INFO:Xst:2260 - The FF/Latch <U0/xst_fifo_generator/gconvfifo.rf/grf.rf/gntv_or_sync_fifo.gl0.wr/gwss.wsts/ram_full_i> in Unit <i_uart_fifo_tx/u_fifo_tx> is equivalent to the following FF/Latch : <U0/xst_fifo_generator/gconvfifo.rf/grf.rf/gntv_or_sync_fifo.gl0.wr/gwss.wsts/ram_full_fb_i> 
INFO:Xst:2260 - The FF/Latch <U0/xst_fifo_generator/gconvfifo.rf/grf.rf/rstblk/ngwrdrst.grst.wr_rst_reg_1> in Unit <i_uart_fifo_rx/u_fifo_rx> is equivalent to the following FF/Latch : <U0/xst_fifo_generator/gconvfifo.rf/grf.rf/rstblk/ngwrdrst.grst.wr_rst_reg_0> 
INFO:Xst:2260 - The FF/Latch <U0/xst_fifo_generator/gconvfifo.rf/grf.rf/gntv_or_sync_fifo.gl0.rd/grss.rsts/ram_empty_i> in Unit <i_uart_fifo_rx/u_fifo_rx> is equivalent to the following FF/Latch : <U0/xst_fifo_generator/gconvfifo.rf/grf.rf/gntv_or_sync_fifo.gl0.rd/grss.rsts/ram_empty_fb_i> 
INFO:Xst:2260 - The FF/Latch <U0/xst_fifo_generator/gconvfifo.rf/grf.rf/rstblk/ngwrdrst.grst.rd_rst_reg_2> in Unit <i_uart_fifo_rx/u_fifo_rx> is equivalent to the following FF/Latch : <U0/xst_fifo_generator/gconvfifo.rf/grf.rf/rstblk/ngwrdrst.grst.rd_rst_reg_0> 
INFO:Xst:2260 - The FF/Latch <U0/xst_fifo_generator/gconvfifo.rf/grf.rf/gntv_or_sync_fifo.gl0.wr/gwss.wsts/ram_full_i> in Unit <i_uart_fifo_rx/u_fifo_rx> is equivalent to the following FF/Latch : <U0/xst_fifo_generator/gconvfifo.rf/grf.rf/gntv_or_sync_fifo.gl0.wr/gwss.wsts/ram_full_fb_i> 
INFO:Xst:2260 - The FF/Latch <U0/xst_fifo_generator/gconvfifo.rf/grf.rf/rstblk/ngwrdrst.grst.wr_rst_reg_1> in Unit <i_uart_fifo_tx/u_fifo_tx> is equivalent to the following FF/Latch : <U0/xst_fifo_generator/gconvfifo.rf/grf.rf/rstblk/ngwrdrst.grst.wr_rst_reg_0> 
INFO:Xst:2260 - The FF/Latch <U0/xst_fifo_generator/gconvfifo.rf/grf.rf/gntv_or_sync_fifo.gl0.rd/grss.rsts/ram_empty_i> in Unit <i_uart_fifo_tx/u_fifo_tx> is equivalent to the following FF/Latch : <U0/xst_fifo_generator/gconvfifo.rf/grf.rf/gntv_or_sync_fifo.gl0.rd/grss.rsts/ram_empty_fb_i> 
INFO:Xst:2260 - The FF/Latch <U0/xst_fifo_generator/gconvfifo.rf/grf.rf/rstblk/ngwrdrst.grst.rd_rst_reg_2> in Unit <i_uart_fifo_tx/u_fifo_tx> is equivalent to the following FF/Latch : <U0/xst_fifo_generator/gconvfifo.rf/grf.rf/rstblk/ngwrdrst.grst.rd_rst_reg_0> 
INFO:Xst:2260 - The FF/Latch <U0/xst_fifo_generator/gconvfifo.rf/grf.rf/gntv_or_sync_fifo.gl0.wr/gwss.wsts/ram_full_i> in Unit <i_uart_fifo_tx/u_fifo_tx> is equivalent to the following FF/Latch : <U0/xst_fifo_generator/gconvfifo.rf/grf.rf/gntv_or_sync_fifo.gl0.wr/gwss.wsts/ram_full_fb_i> 
FlipFlop u_eeprom_ctrl/cur_st_FSM_FFd8 has been replicated 1 time(s)

Final Macro Processing ...

=========================================================================
Final Register Report

Macro Statistics
# Registers                                            : 412
 Flip-Flops                                            : 412

=========================================================================

=========================================================================
*                           Partition Report                            *
=========================================================================

Partition Implementation Status
-------------------------------

  No Partitions were found in this design.

-------------------------------

=========================================================================
*                            Design Summary                             *
=========================================================================

Top Level Output File Name         : top.ngc

Primitive and Black Box Usage:
------------------------------
# BELS                             : 524
#      GND                         : 5
#      INV                         : 7
#      LUT1                        : 23
#      LUT2                        : 58
#      LUT3                        : 34
#      LUT4                        : 89
#      LUT5                        : 78
#      LUT6                        : 151
#      MUXCY                       : 43
#      MUXF7                       : 10
#      VCC                         : 2
#      XORCY                       : 24
# FlipFlops/Latches                : 500
#      FD                          : 8
#      FDC                         : 224
#      FDCE                        : 243
#      FDE                         : 2
#      FDP                         : 22
#      FDPE                        : 1
# RAMS                             : 4
#      RAMB16BWER                  : 2
#      RAMB8BWER                   : 2
# Clock Buffers                    : 2
#      BUFG                        : 2
# IO Buffers                       : 18
#      IBUF                        : 6
#      IBUFG                       : 1
#      IOBUF                       : 1
#      OBUF                        : 10
# DCMs                             : 1
#      DCM_SP                      : 1

Device utilization summary:
---------------------------

Selected Device : 6slx9tqg144-2 


Slice Logic Utilization: 
 Number of Slice Registers:             500  out of  11440     4%  
 Number of Slice LUTs:                  440  out of   5720     7%  
    Number used as Logic:               440  out of   5720     7%  

Slice Logic Distribution: 
 Number of LUT Flip Flop pairs used:    654
   Number with an unused Flip Flop:     154  out of    654    23%  
   Number with an unused LUT:           214  out of    654    32%  
   Number of fully used LUT-FF pairs:   286  out of    654    43%  
   Number of unique control sets:        30

IO Utilization: 
 Number of IOs:                          19
 Number of bonded IOBs:                  18  out of    102    17%  

Specific Feature Utilization:
 Number of Block RAM/FIFO:                3  out of     32     9%  
    Number using Block RAM only:          3
 Number of BUFG/BUFGCTRLs:                2  out of     16    12%  

---------------------------
Partition Resource Summary:
---------------------------

  No Partitions were found in this design.

---------------------------


=========================================================================
Timing Report

NOTE: THESE TIMING NUMBERS ARE ONLY A SYNTHESIS ESTIMATE.
      FOR ACCURATE TIMING INFORMATION PLEASE REFER TO THE TRACE REPORT
      GENERATED AFTER PLACE-and-ROUTE.

Clock Information:
------------------
-----------------------------------+------------------------+-------+
Clock Signal                       | Clock buffer(FF name)  | Load  |
-----------------------------------+------------------------+-------+
i_clk                              | DCM_SP:CLK2X           | 504   |
-----------------------------------+------------------------+-------+

Asynchronous Control Signals Information:
----------------------------------------
No asynchronous control signals found in this design

Timing Summary:
---------------
Speed Grade: -2

   Minimum period: 11.156ns (Maximum Frequency: 89.638MHz)
   Minimum input arrival time before clock: 2.127ns
   Maximum output required time after clock: 7.051ns
   Maximum combinational path delay: No path found

Timing Details:
---------------
All values displayed in nanoseconds (ns)

=========================================================================
Timing constraint: Default period analysis for Clock 'i_clk'
  Clock period: 11.156ns (frequency: 89.638MHz)
  Total number of paths / destination ports: 5768 / 1004
-------------------------------------------------------------------------
Delay:               5.578ns (Levels of Logic = 5)
  Source:            i_uart_fifo_tx/u_fifo_tx/U0/xst_fifo_generator/gconvfifo.rf/grf.rf/gntv_or_sync_fifo.gl0.rd/grss.rsts/ram_empty_i (FF)
  Destination:       i_uart_fifo_tx/u_fifo_tx/U0/xst_fifo_generator/gconvfifo.rf/grf.rf/gntv_or_sync_fifo.gl0.rd/grss.rsts/ram_empty_i (FF)
  Source Clock:      i_clk rising 2.0X
  Destination Clock: i_clk rising 2.0X

  Data Path: i_uart_fifo_tx/u_fifo_tx/U0/xst_fifo_generator/gconvfifo.rf/grf.rf/gntv_or_sync_fifo.gl0.rd/grss.rsts/ram_empty_i to i_uart_fifo_tx/u_fifo_tx/U0/xst_fifo_generator/gconvfifo.rf/grf.rf/gntv_or_sync_fifo.gl0.rd/grss.rsts/ram_empty_i
                                Gate     Net
    Cell:in->out      fanout   Delay   Delay  Logical Name (Net Name)
    ----------------------------------------  ------------
     FDP:C->Q              6   0.525   1.104  U0/xst_fifo_generator/gconvfifo.rf/grf.rf/gntv_or_sync_fifo.gl0.rd/grss.rsts/ram_empty_i (empty)
     end scope: 'i_uart_fifo_tx/u_fifo_tx:empty'
     LUT3:I0->O            6   0.235   1.306  i_uart_fifo_tx/fifo_rd_en1 (i_uart_fifo_tx/fifo_rd_en)
     begin scope: 'i_uart_fifo_tx/u_fifo_tx:rd_en'
     LUT5:I0->O            1   0.254   0.790  U0/xst_fifo_generator/gconvfifo.rf/grf.rf/gntv_or_sync_fifo.gl0.rd/grss.rsts/going_empty_leaving_empty_OR_6_o1 (U0/xst_fifo_generator/gconvfifo.rf/grf.rf/gntv_or_sync_fifo.gl0.rd/grss.rsts/going_empty_leaving_empty_OR_6_o1)
     LUT6:I4->O            1   0.250   0.790  U0/xst_fifo_generator/gconvfifo.rf/grf.rf/gntv_or_sync_fifo.gl0.rd/grss.rsts/going_empty_leaving_empty_OR_6_o3 (U0/xst_fifo_generator/gconvfifo.rf/grf.rf/gntv_or_sync_fifo.gl0.rd/grss.rsts/going_empty_leaving_empty_OR_6_o3)
     LUT5:I3->O            2   0.250   0.000  U0/xst_fifo_generator/gconvfifo.rf/grf.rf/gntv_or_sync_fifo.gl0.rd/grss.rsts/going_empty_leaving_empty_OR_6_o4 (U0/xst_fifo_generator/gconvfifo.rf/grf.rf/gntv_or_sync_fifo.gl0.rd/grss.rsts/going_empty_leaving_empty_OR_6_o)
     FDP:D                     0.074          U0/xst_fifo_generator/gconvfifo.rf/grf.rf/gntv_or_sync_fifo.gl0.rd/grss.rsts/ram_empty_fb_i
    ----------------------------------------
    Total                      5.578ns (1.588ns logic, 3.990ns route)
                                       (28.5% logic, 71.5% route)

=========================================================================
Timing constraint: Default OFFSET IN BEFORE for Clock 'i_clk'
  Total number of paths / destination ports: 7 / 7
-------------------------------------------------------------------------
Offset:              2.127ns (Levels of Logic = 1)
  Source:            uart_rx (PAD)
  Destination:       i_uart_fifo_rx/u_uart_rx/rx_dat_7 (FF)
  Destination Clock: i_clk rising 2.0X

  Data Path: uart_rx to i_uart_fifo_rx/u_uart_rx/rx_dat_7
                                Gate     Net
    Cell:in->out      fanout   Delay   Delay  Logical Name (Net Name)
    ----------------------------------------  ------------
     IBUF:I->O             2   1.328   0.725  uart_rx_IBUF (uart_rx_IBUF)
     FDC:D                     0.074          i_uart_fifo_rx/u_uart_rx/rx_dly_0
    ----------------------------------------
    Total                      2.127ns (1.402ns logic, 0.725ns route)
                                       (65.9% logic, 34.1% route)

=========================================================================
Timing constraint: Default OFFSET OUT AFTER for Clock 'i_clk'
  Total number of paths / destination ports: 22 / 4
-------------------------------------------------------------------------
Offset:              7.051ns (Levels of Logic = 3)
  Source:            u_eeprom_ctrl/u_iic_ctrl/rd_valid (FF)
  Destination:       sda (PAD)
  Source Clock:      i_clk rising 2.0X

  Data Path: u_eeprom_ctrl/u_iic_ctrl/rd_valid to sda
                                Gate     Net
    Cell:in->out      fanout   Delay   Delay  Logical Name (Net Name)
    ----------------------------------------  ------------
     FDC:C->Q             17   0.525   1.639  u_eeprom_ctrl/u_iic_ctrl/rd_valid (u_eeprom_ctrl/u_iic_ctrl/rd_valid)
     LUT6:I1->O            1   0.254   0.790  u_eeprom_ctrl/u_iic_ctrl/Mmux_sda_out21 (u_eeprom_ctrl/u_iic_ctrl/Mmux_sda_out2)
     LUT5:I3->O            1   0.250   0.681  u_eeprom_ctrl/u_iic_ctrl/Mmux_sda_out22 (u_eeprom_ctrl/u_iic_ctrl/sda_out)
     IOBUF:I->IO               2.912          sda_IOBUF (sda)
    ----------------------------------------
    Total                      7.051ns (3.941ns logic, 3.110ns route)
                                       (55.9% logic, 44.1% route)

=========================================================================

Cross Clock Domains Report:
--------------------------

Clock to Setup on destination clock i_clk
---------------+---------+---------+---------+---------+
               | Src:Rise| Src:Fall| Src:Rise| Src:Fall|
Source Clock   |Dest:Rise|Dest:Rise|Dest:Fall|Dest:Fall|
---------------+---------+---------+---------+---------+
i_clk          |    5.578|         |         |         |
---------------+---------+---------+---------+---------+

=========================================================================


Total REAL time to Xst completion: 11.00 secs
Total CPU time to Xst completion: 10.89 secs
 
--> 

Total memory usage is 261636 kilobytes

Number of errors   :    0 (   0 filtered)
Number of warnings :   11 (   0 filtered)
Number of infos    :   27 (   0 filtered)

