INFO: [VRFC 10-2263] Analyzing Verilog file "C:/Users/Roy/Desktop/Proj Local/FPGA-part-time/PCIE_simulation/dma_performance_demo/pcie_7x_0_example/pcie_7x_0_example.srcs/sources_1/imports/pcie_7x_0/bmd/BMD_128.v" into library xil_defaultlib
INFO: [VRFC 10-2263] Analyzing Verilog file "C:/Users/Roy/Desktop/Proj Local/FPGA-part-time/PCIE_simulation/dma_performance_demo/pcie_7x_0_example/pcie_7x_0_example.srcs/sources_1/imports/pcie_7x_0/bmd/BMD_128.v" into library xil_defaultlib
INFO: [VRFC 10-2263] Analyzing Verilog file "C:/Users/Roy/Desktop/Proj Local/FPGA-part-time/PCIE_simulation/dma_performance_demo/pcie_7x_0_example/pcie_7x_0_example.srcs/sources_1/imports/pcie_7x_0/bmd/BMD_128.v" into library xil_defaultlib
INFO: [VRFC 10-2263] Analyzing Verilog file "C:/Users/Roy/Desktop/Proj Local/FPGA-part-time/PCIE_simulation/dma_performance_demo/pcie_7x_0_example/pcie_7x_0_example.srcs/sources_1/ip/pcie_7x_0/source/pcie_7x_0_pipe_clock.v" into library xil_defaultlib
INFO: [VRFC 10-311] analyzing module pcie_7x_0_pipe_clock
INFO: [VRFC 10-2263] Analyzing Verilog file "C:/Users/Roy/Desktop/Proj Local/FPGA-part-time/PCIE_simulation/dma_performance_demo/pcie_7x_0_example/pcie_7x_0_example.srcs/sources_1/imports/pcie_7x_0/bmd/BMD_128.v" into library xil_defaultlib
INFO: [VRFC 10-2263] Analyzing Verilog file "C:/Users/Roy/Desktop/Proj Local/FPGA-part-time/PCIE_simulation/dma_performance_demo/pcie_7x_0_example/pcie_7x_0_example.srcs/sources_1/ip/pcie_7x_0/source/pcie_7x_0_pipe_eq.v" into library xil_defaultlib
INFO: [VRFC 10-311] analyzing module pcie_7x_0_pipe_eq
INFO: [VRFC 10-2263] Analyzing Verilog file "C:/Users/Roy/Desktop/Proj Local/FPGA-part-time/PCIE_simulation/dma_performance_demo/pcie_7x_0_example/pcie_7x_0_example.srcs/sources_1/imports/pcie_7x_0/bmd/BMD_128.v" into library xil_defaultlib
INFO: [VRFC 10-2263] Analyzing Verilog file "C:/Users/Roy/Desktop/Proj Local/FPGA-part-time/PCIE_simulation/dma_performance_demo/pcie_7x_0_example/pcie_7x_0_example.srcs/sources_1/ip/pcie_7x_0/source/pcie_7x_0_pipe_drp.v" into library xil_defaultlib
INFO: [VRFC 10-311] analyzing module pcie_7x_0_pipe_drp
INFO: [VRFC 10-2263] Analyzing Verilog file "C:/Users/Roy/Desktop/Proj Local/FPGA-part-time/PCIE_simulation/dma_performance_demo/pcie_7x_0_example/pcie_7x_0_example.srcs/sources_1/imports/pcie_7x_0/bmd/BMD_128.v" into library xil_defaultlib
INFO: [VRFC 10-2263] Analyzing Verilog file "C:/Users/Roy/Desktop/Proj Local/FPGA-part-time/PCIE_simulation/dma_performance_demo/pcie_7x_0_example/pcie_7x_0_example.srcs/sources_1/ip/pcie_7x_0/source/pcie_7x_0_pipe_rate.v" into library xil_defaultlib
INFO: [VRFC 10-311] analyzing module pcie_7x_0_pipe_rate
INFO: [VRFC 10-2263] Analyzing Verilog file "C:/Users/Roy/Desktop/Proj Local/FPGA-part-time/PCIE_simulation/dma_performance_demo/pcie_7x_0_example/pcie_7x_0_example.srcs/sources_1/imports/pcie_7x_0/bmd/BMD_128.v" into library xil_defaultlib
INFO: [VRFC 10-2263] Analyzing Verilog file "C:/Users/Roy/Desktop/Proj Local/FPGA-part-time/PCIE_simulation/dma_performance_demo/pcie_7x_0_example/pcie_7x_0_example.srcs/sources_1/ip/pcie_7x_0/source/pcie_7x_0_pipe_reset.v" into library xil_defaultlib
INFO: [VRFC 10-311] analyzing module pcie_7x_0_pipe_reset
INFO: [VRFC 10-2263] Analyzing Verilog file "C:/Users/Roy/Desktop/Proj Local/FPGA-part-time/PCIE_simulation/dma_performance_demo/pcie_7x_0_example/pcie_7x_0_example.srcs/sources_1/imports/pcie_7x_0/bmd/BMD_128.v" into library xil_defaultlib
INFO: [VRFC 10-2263] Analyzing Verilog file "C:/Users/Roy/Desktop/Proj Local/FPGA-part-time/PCIE_simulation/dma_performance_demo/pcie_7x_0_example/pcie_7x_0_example.srcs/sources_1/ip/pcie_7x_0/source/pcie_7x_0_pipe_sync.v" into library xil_defaultlib
INFO: [VRFC 10-311] analyzing module pcie_7x_0_pipe_sync
INFO: [VRFC 10-2263] Analyzing Verilog file "C:/Users/Roy/Desktop/Proj Local/FPGA-part-time/PCIE_simulation/dma_performance_demo/pcie_7x_0_example/pcie_7x_0_example.srcs/sources_1/imports/pcie_7x_0/bmd/BMD_128.v" into library xil_defaultlib
INFO: [VRFC 10-2263] Analyzing Verilog file "C:/Users/Roy/Desktop/Proj Local/FPGA-part-time/PCIE_simulation/dma_performance_demo/pcie_7x_0_example/pcie_7x_0_example.srcs/sources_1/ip/pcie_7x_0/source/pcie_7x_0_gtp_pipe_rate.v" into library xil_defaultlib
INFO: [VRFC 10-311] analyzing module pcie_7x_0_gtp_pipe_rate
INFO: [VRFC 10-2263] Analyzing Verilog file "C:/Users/Roy/Desktop/Proj Local/FPGA-part-time/PCIE_simulation/dma_performance_demo/pcie_7x_0_example/pcie_7x_0_example.srcs/sources_1/imports/pcie_7x_0/bmd/BMD_128.v" into library xil_defaultlib
INFO: [VRFC 10-2263] Analyzing Verilog file "C:/Users/Roy/Desktop/Proj Local/FPGA-part-time/PCIE_simulation/dma_performance_demo/pcie_7x_0_example/pcie_7x_0_example.srcs/sources_1/ip/pcie_7x_0/source/pcie_7x_0_gtp_pipe_drp.v" into library xil_defaultlib
INFO: [VRFC 10-311] analyzing module pcie_7x_0_gtp_pipe_drp
INFO: [VRFC 10-2263] Analyzing Verilog file "C:/Users/Roy/Desktop/Proj Local/FPGA-part-time/PCIE_simulation/dma_performance_demo/pcie_7x_0_example/pcie_7x_0_example.srcs/sources_1/imports/pcie_7x_0/bmd/BMD_128.v" into library xil_defaultlib
INFO: [VRFC 10-2263] Analyzing Verilog file "C:/Users/Roy/Desktop/Proj Local/FPGA-part-time/PCIE_simulation/dma_performance_demo/pcie_7x_0_example/pcie_7x_0_example.srcs/sources_1/ip/pcie_7x_0/source/pcie_7x_0_gtp_pipe_reset.v" into library xil_defaultlib
INFO: [VRFC 10-311] analyzing module pcie_7x_0_gtp_pipe_reset
INFO: [VRFC 10-2263] Analyzing Verilog file "C:/Users/Roy/Desktop/Proj Local/FPGA-part-time/PCIE_simulation/dma_performance_demo/pcie_7x_0_example/pcie_7x_0_example.srcs/sources_1/imports/pcie_7x_0/bmd/BMD_128.v" into library xil_defaultlib
INFO: [VRFC 10-2263] Analyzing Verilog file "C:/Users/Roy/Desktop/Proj Local/FPGA-part-time/PCIE_simulation/dma_performance_demo/pcie_7x_0_example/pcie_7x_0_example.srcs/sources_1/ip/pcie_7x_0/source/pcie_7x_0_pipe_user.v" into library xil_defaultlib
INFO: [VRFC 10-311] analyzing module pcie_7x_0_pipe_user
INFO: [VRFC 10-2263] Analyzing Verilog file "C:/Users/Roy/Desktop/Proj Local/FPGA-part-time/PCIE_simulation/dma_performance_demo/pcie_7x_0_example/pcie_7x_0_example.srcs/sources_1/imports/pcie_7x_0/bmd/BMD_128.v" into library xil_defaultlib
INFO: [VRFC 10-2263] Analyzing Verilog file "C:/Users/Roy/Desktop/Proj Local/FPGA-part-time/PCIE_simulation/dma_performance_demo/pcie_7x_0_example/pcie_7x_0_example.srcs/sources_1/ip/pcie_7x_0/source/pcie_7x_0_pipe_wrapper.v" into library xil_defaultlib
INFO: [VRFC 10-311] analyzing module pcie_7x_0_pipe_wrapper
INFO: [VRFC 10-2458] undeclared symbol PIPE_RXEQ_CONVERGE, assumed default net type wire [C:/Users/Roy/Desktop/Proj Local/FPGA-part-time/PCIE_simulation/dma_performance_demo/pcie_7x_0_example/pcie_7x_0_example.srcs/sources_1/ip/pcie_7x_0/source/pcie_7x_0_pipe_wrapper.v:1795]
INFO: [VRFC 10-2263] Analyzing Verilog file "C:/Users/Roy/Desktop/Proj Local/FPGA-part-time/PCIE_simulation/dma_performance_demo/pcie_7x_0_example/pcie_7x_0_example.srcs/sources_1/imports/pcie_7x_0/bmd/BMD_128.v" into library xil_defaultlib
INFO: [VRFC 10-2263] Analyzing Verilog file "C:/Users/Roy/Desktop/Proj Local/FPGA-part-time/PCIE_simulation/dma_performance_demo/pcie_7x_0_example/pcie_7x_0_example.srcs/sources_1/ip/pcie_7x_0/source/pcie_7x_0_qpll_drp.v" into library xil_defaultlib
INFO: [VRFC 10-311] analyzing module pcie_7x_0_qpll_drp
INFO: [VRFC 10-2263] Analyzing Verilog file "C:/Users/Roy/Desktop/Proj Local/FPGA-part-time/PCIE_simulation/dma_performance_demo/pcie_7x_0_example/pcie_7x_0_example.srcs/sources_1/imports/pcie_7x_0/bmd/BMD_128.v" into library xil_defaultlib
INFO: [VRFC 10-2263] Analyzing Verilog file "C:/Users/Roy/Desktop/Proj Local/FPGA-part-time/PCIE_simulation/dma_performance_demo/pcie_7x_0_example/pcie_7x_0_example.srcs/sources_1/ip/pcie_7x_0/source/pcie_7x_0_qpll_reset.v" into library xil_defaultlib
INFO: [VRFC 10-311] analyzing module pcie_7x_0_qpll_reset
INFO: [VRFC 10-2263] Analyzing Verilog file "C:/Users/Roy/Desktop/Proj Local/FPGA-part-time/PCIE_simulation/dma_performance_demo/pcie_7x_0_example/pcie_7x_0_example.srcs/sources_1/imports/pcie_7x_0/bmd/BMD_128.v" into library xil_defaultlib
INFO: [VRFC 10-2263] Analyzing Verilog file "C:/Users/Roy/Desktop/Proj Local/FPGA-part-time/PCIE_simulation/dma_performance_demo/pcie_7x_0_example/pcie_7x_0_example.srcs/sources_1/ip/pcie_7x_0/source/pcie_7x_0_qpll_wrapper.v" into library xil_defaultlib
INFO: [VRFC 10-311] analyzing module pcie_7x_0_qpll_wrapper
INFO: [VRFC 10-2263] Analyzing Verilog file "C:/Users/Roy/Desktop/Proj Local/FPGA-part-time/PCIE_simulation/dma_performance_demo/pcie_7x_0_example/pcie_7x_0_example.srcs/sources_1/imports/pcie_7x_0/bmd/BMD_128.v" into library xil_defaultlib
INFO: [VRFC 10-2263] Analyzing Verilog file "C:/Users/Roy/Desktop/Proj Local/FPGA-part-time/PCIE_simulation/dma_performance_demo/pcie_7x_0_example/pcie_7x_0_example.srcs/sources_1/ip/pcie_7x_0/source/pcie_7x_0_rxeq_scan.v" into library xil_defaultlib
INFO: [VRFC 10-311] analyzing module pcie_7x_0_rxeq_scan
INFO: [VRFC 10-2263] Analyzing Verilog file "C:/Users/Roy/Desktop/Proj Local/FPGA-part-time/PCIE_simulation/dma_performance_demo/pcie_7x_0_example/pcie_7x_0_example.srcs/sources_1/imports/pcie_7x_0/bmd/BMD_128.v" into library xil_defaultlib
INFO: [VRFC 10-2263] Analyzing Verilog file "C:/Users/Roy/Desktop/Proj Local/FPGA-part-time/PCIE_simulation/dma_performance_demo/pcie_7x_0_example/pcie_7x_0_example.srcs/sources_1/ip/pcie_7x_0/source/pcie_7x_0_pcie_top.v" into library xil_defaultlib
INFO: [VRFC 10-311] analyzing module pcie_7x_0_pcie_top
INFO: [VRFC 10-2458] undeclared symbol trn_tdst_rdy, assumed default net type wire [C:/Users/Roy/Desktop/Proj Local/FPGA-part-time/PCIE_simulation/dma_performance_demo/pcie_7x_0_example/pcie_7x_0_example.srcs/sources_1/ip/pcie_7x_0/source/pcie_7x_0_pcie_top.v:1043]
INFO: [VRFC 10-2458] undeclared symbol trn_recrc_err, assumed default net type wire [C:/Users/Roy/Desktop/Proj Local/FPGA-part-time/PCIE_simulation/dma_performance_demo/pcie_7x_0_example/pcie_7x_0_example.srcs/sources_1/ip/pcie_7x_0/source/pcie_7x_0_pcie_top.v:1062]
INFO: [VRFC 10-2458] undeclared symbol cfg_turnoff_ok_w, assumed default net type wire [C:/Users/Roy/Desktop/Proj Local/FPGA-part-time/PCIE_simulation/dma_performance_demo/pcie_7x_0_example/pcie_7x_0_example.srcs/sources_1/ip/pcie_7x_0/source/pcie_7x_0_pcie_top.v:1084]
INFO: [VRFC 10-2458] undeclared symbol pipe_tx_rcvr_det, assumed default net type wire [C:/Users/Roy/Desktop/Proj Local/FPGA-part-time/PCIE_simulation/dma_performance_demo/pcie_7x_0_example/pcie_7x_0_example.srcs/sources_1/ip/pcie_7x_0/source/pcie_7x_0_pcie_top.v:1790]
INFO: [VRFC 10-2263] Analyzing Verilog file "C:/Users/Roy/Desktop/Proj Local/FPGA-part-time/PCIE_simulation/dma_performance_demo/pcie_7x_0_example/pcie_7x_0_example.srcs/sources_1/imports/pcie_7x_0/bmd/BMD_128.v" into library xil_defaultlib
INFO: [VRFC 10-2263] Analyzing Verilog file "C:/Users/Roy/Desktop/Proj Local/FPGA-part-time/PCIE_simulation/dma_performance_demo/pcie_7x_0_example/pcie_7x_0_example.srcs/sources_1/ip/pcie_7x_0/source/pcie_7x_0_core_top.v" into library xil_defaultlib
INFO: [VRFC 10-311] analyzing module pcie_7x_0_core_top
INFO: [VRFC 10-2263] Analyzing Verilog file "C:/Users/Roy/Desktop/Proj Local/FPGA-part-time/PCIE_simulation/dma_performance_demo/pcie_7x_0_example/pcie_7x_0_example.srcs/sources_1/imports/pcie_7x_0/bmd/BMD_128.v" into library xil_defaultlib
INFO: [VRFC 10-2263] Analyzing Verilog file "C:/Users/Roy/Desktop/Proj Local/FPGA-part-time/PCIE_simulation/dma_performance_demo/pcie_7x_0_example/pcie_7x_0_example.srcs/sources_1/ip/pcie_7x_0/source/pcie_7x_0_axi_basic_rx_null_gen.v" into library xil_defaultlib
INFO: [VRFC 10-311] analyzing module pcie_7x_0_axi_basic_rx_null_gen
INFO: [VRFC 10-2263] Analyzing Verilog file "C:/Users/Roy/Desktop/Proj Local/FPGA-part-time/PCIE_simulation/dma_performance_demo/pcie_7x_0_example/pcie_7x_0_example.srcs/sources_1/imports/pcie_7x_0/bmd/BMD_128.v" into library xil_defaultlib
INFO: [VRFC 10-2263] Analyzing Verilog file "C:/Users/Roy/Desktop/Proj Local/FPGA-part-time/PCIE_simulation/dma_performance_demo/pcie_7x_0_example/pcie_7x_0_example.srcs/sources_1/ip/pcie_7x_0/source/pcie_7x_0_axi_basic_rx_pipeline.v" into library xil_defaultlib
INFO: [VRFC 10-311] analyzing module pcie_7x_0_axi_basic_rx_pipeline
INFO: [VRFC 10-2263] Analyzing Verilog file "C:/Users/Roy/Desktop/Proj Local/FPGA-part-time/PCIE_simulation/dma_performance_demo/pcie_7x_0_example/pcie_7x_0_example.srcs/sources_1/imports/pcie_7x_0/bmd/BMD_128.v" into library xil_defaultlib
INFO: [VRFC 10-2263] Analyzing Verilog file "C:/Users/Roy/Desktop/Proj Local/FPGA-part-time/PCIE_simulation/dma_performance_demo/pcie_7x_0_example/pcie_7x_0_example.srcs/sources_1/ip/pcie_7x_0/source/pcie_7x_0_axi_basic_rx.v" into library xil_defaultlib
INFO: [VRFC 10-311] analyzing module pcie_7x_0_axi_basic_rx
INFO: [VRFC 10-2263] Analyzing Verilog file "C:/Users/Roy/Desktop/Proj Local/FPGA-part-time/PCIE_simulation/dma_performance_demo/pcie_7x_0_example/pcie_7x_0_example.srcs/sources_1/imports/pcie_7x_0/bmd/BMD_128.v" into library xil_defaultlib
INFO: [VRFC 10-2263] Analyzing Verilog file "C:/Users/Roy/Desktop/Proj Local/FPGA-part-time/PCIE_simulation/dma_performance_demo/pcie_7x_0_example/pcie_7x_0_example.srcs/sources_1/ip/pcie_7x_0/source/pcie_7x_0_axi_basic_top.v" into library xil_defaultlib
INFO: [VRFC 10-311] analyzing module pcie_7x_0_axi_basic_top
INFO: [VRFC 10-2263] Analyzing Verilog file "C:/Users/Roy/Desktop/Proj Local/FPGA-part-time/PCIE_simulation/dma_performance_demo/pcie_7x_0_example/pcie_7x_0_example.srcs/sources_1/imports/pcie_7x_0/bmd/BMD_128.v" into library xil_defaultlib
INFO: [VRFC 10-2263] Analyzing Verilog file "C:/Users/Roy/Desktop/Proj Local/FPGA-part-time/PCIE_simulation/dma_performance_demo/pcie_7x_0_example/pcie_7x_0_example.srcs/sources_1/ip/pcie_7x_0/source/pcie_7x_0_axi_basic_tx_pipeline.v" into library xil_defaultlib
INFO: [VRFC 10-311] analyzing module pcie_7x_0_axi_basic_tx_pipeline
INFO: [VRFC 10-2263] Analyzing Verilog file "C:/Users/Roy/Desktop/Proj Local/FPGA-part-time/PCIE_simulation/dma_performance_demo/pcie_7x_0_example/pcie_7x_0_example.srcs/sources_1/imports/pcie_7x_0/bmd/BMD_128.v" into library xil_defaultlib
INFO: [VRFC 10-2263] Analyzing Verilog file "C:/Users/Roy/Desktop/Proj Local/FPGA-part-time/PCIE_simulation/dma_performance_demo/pcie_7x_0_example/pcie_7x_0_example.srcs/sources_1/ip/pcie_7x_0/source/pcie_7x_0_axi_basic_tx_thrtl_ctl.v" into library xil_defaultlib
INFO: [VRFC 10-311] analyzing module pcie_7x_0_axi_basic_tx_thrtl_ctl
INFO: [VRFC 10-2458] undeclared symbol gap_trig_tcfg, assumed default net type wire [C:/Users/Roy/Desktop/Proj Local/FPGA-part-time/PCIE_simulation/dma_performance_demo/pcie_7x_0_example/pcie_7x_0_example.srcs/sources_1/ip/pcie_7x_0/source/pcie_7x_0_axi_basic_tx_thrtl_ctl.v:277]
INFO: [VRFC 10-2263] Analyzing Verilog file "C:/Users/Roy/Desktop/Proj Local/FPGA-part-time/PCIE_simulation/dma_performance_demo/pcie_7x_0_example/pcie_7x_0_example.srcs/sources_1/imports/pcie_7x_0/bmd/BMD_128.v" into library xil_defaultlib
INFO: [VRFC 10-2263] Analyzing Verilog file "C:/Users/Roy/Desktop/Proj Local/FPGA-part-time/PCIE_simulation/dma_performance_demo/pcie_7x_0_example/pcie_7x_0_example.srcs/sources_1/ip/pcie_7x_0/source/pcie_7x_0_axi_basic_tx.v" into library xil_defaultlib
INFO: [VRFC 10-311] analyzing module pcie_7x_0_axi_basic_tx
INFO: [VRFC 10-2263] Analyzing Verilog file "C:/Users/Roy/Desktop/Proj Local/FPGA-part-time/PCIE_simulation/dma_performance_demo/pcie_7x_0_example/pcie_7x_0_example.srcs/sources_1/imports/pcie_7x_0/bmd/BMD_128.v" into library xil_defaultlib
INFO: [VRFC 10-2263] Analyzing Verilog file "C:/Users/Roy/Desktop/Proj Local/FPGA-part-time/PCIE_simulation/dma_performance_demo/pcie_7x_0_example/pcie_7x_0_example.srcs/sources_1/ip/pcie_7x_0/source/pcie_7x_0_pcie_7x.v" into library xil_defaultlib
INFO: [VRFC 10-311] analyzing module pcie_7x_0_pcie_7x
INFO: [VRFC 10-2263] Analyzing Verilog file "C:/Users/Roy/Desktop/Proj Local/FPGA-part-time/PCIE_simulation/dma_performance_demo/pcie_7x_0_example/pcie_7x_0_example.srcs/sources_1/imports/pcie_7x_0/bmd/BMD_128.v" into library xil_defaultlib
INFO: [VRFC 10-2263] Analyzing Verilog file "C:/Users/Roy/Desktop/Proj Local/FPGA-part-time/PCIE_simulation/dma_performance_demo/pcie_7x_0_example/pcie_7x_0_example.srcs/sources_1/ip/pcie_7x_0/source/pcie_7x_0_pcie_bram_7x.v" into library xil_defaultlib
INFO: [VRFC 10-311] analyzing module pcie_7x_0_pcie_bram_7x
INFO: [VRFC 10-2263] Analyzing Verilog file "C:/Users/Roy/Desktop/Proj Local/FPGA-part-time/PCIE_simulation/dma_performance_demo/pcie_7x_0_example/pcie_7x_0_example.srcs/sources_1/imports/pcie_7x_0/bmd/BMD_128.v" into library xil_defaultlib
INFO: [VRFC 10-2263] Analyzing Verilog file "C:/Users/Roy/Desktop/Proj Local/FPGA-part-time/PCIE_simulation/dma_performance_demo/pcie_7x_0_example/pcie_7x_0_example.srcs/sources_1/ip/pcie_7x_0/source/pcie_7x_0_pcie_bram_top_7x.v" into library xil_defaultlib
INFO: [VRFC 10-311] analyzing module pcie_7x_0_pcie_bram_top_7x
INFO: [VRFC 10-2263] Analyzing Verilog file "C:/Users/Roy/Desktop/Proj Local/FPGA-part-time/PCIE_simulation/dma_performance_demo/pcie_7x_0_example/pcie_7x_0_example.srcs/sources_1/imports/pcie_7x_0/bmd/BMD_128.v" into library xil_defaultlib
INFO: [VRFC 10-2263] Analyzing Verilog file "C:/Users/Roy/Desktop/Proj Local/FPGA-part-time/PCIE_simulation/dma_performance_demo/pcie_7x_0_example/pcie_7x_0_example.srcs/sources_1/ip/pcie_7x_0/source/pcie_7x_0_pcie_brams_7x.v" into library xil_defaultlib
INFO: [VRFC 10-311] analyzing module pcie_7x_0_pcie_brams_7x
INFO: [VRFC 10-2263] Analyzing Verilog file "C:/Users/Roy/Desktop/Proj Local/FPGA-part-time/PCIE_simulation/dma_performance_demo/pcie_7x_0_example/pcie_7x_0_example.srcs/sources_1/imports/pcie_7x_0/bmd/BMD_128.v" into library xil_defaultlib
INFO: [VRFC 10-2263] Analyzing Verilog file "C:/Users/Roy/Desktop/Proj Local/FPGA-part-time/PCIE_simulation/dma_performance_demo/pcie_7x_0_example/pcie_7x_0_example.srcs/sources_1/ip/pcie_7x_0/source/pcie_7x_0_pcie_pipe_lane.v" into library xil_defaultlib
INFO: [VRFC 10-311] analyzing module pcie_7x_0_pcie_pipe_lane
INFO: [VRFC 10-2263] Analyzing Verilog file "C:/Users/Roy/Desktop/Proj Local/FPGA-part-time/PCIE_simulation/dma_performance_demo/pcie_7x_0_example/pcie_7x_0_example.srcs/sources_1/imports/pcie_7x_0/bmd/BMD_128.v" into library xil_defaultlib
INFO: [VRFC 10-2263] Analyzing Verilog file "C:/Users/Roy/Desktop/Proj Local/FPGA-part-time/PCIE_simulation/dma_performance_demo/pcie_7x_0_example/pcie_7x_0_example.srcs/sources_1/ip/pcie_7x_0/source/pcie_7x_0_pcie_pipe_misc.v" into library xil_defaultlib
INFO: [VRFC 10-311] analyzing module pcie_7x_0_pcie_pipe_misc
INFO: [VRFC 10-2263] Analyzing Verilog file "C:/Users/Roy/Desktop/Proj Local/FPGA-part-time/PCIE_simulation/dma_performance_demo/pcie_7x_0_example/pcie_7x_0_example.srcs/sources_1/imports/pcie_7x_0/bmd/BMD_128.v" into library xil_defaultlib
INFO: [VRFC 10-2263] Analyzing Verilog file "C:/Users/Roy/Desktop/Proj Local/FPGA-part-time/PCIE_simulation/dma_performance_demo/pcie_7x_0_example/pcie_7x_0_example.srcs/sources_1/ip/pcie_7x_0/source/pcie_7x_0_pcie_pipe_pipeline.v" into library xil_defaultlib
INFO: [VRFC 10-311] analyzing module pcie_7x_0_pcie_pipe_pipeline
INFO: [VRFC 10-2263] Analyzing Verilog file "C:/Users/Roy/Desktop/Proj Local/FPGA-part-time/PCIE_simulation/dma_performance_demo/pcie_7x_0_example/pcie_7x_0_example.srcs/sources_1/imports/pcie_7x_0/bmd/BMD_128.v" into library xil_defaultlib
INFO: [VRFC 10-2263] Analyzing Verilog file "C:/Users/Roy/Desktop/Proj Local/FPGA-part-time/PCIE_simulation/dma_performance_demo/pcie_7x_0_example/pcie_7x_0_example.srcs/sources_1/ip/pcie_7x_0/source/pcie_7x_0_gt_top.v" into library xil_defaultlib
INFO: [VRFC 10-311] analyzing module pcie_7x_0_gt_top
INFO: [VRFC 10-2263] Analyzing Verilog file "C:/Users/Roy/Desktop/Proj Local/FPGA-part-time/PCIE_simulation/dma_performance_demo/pcie_7x_0_example/pcie_7x_0_example.srcs/sources_1/imports/pcie_7x_0/bmd/BMD_128.v" into library xil_defaultlib
INFO: [VRFC 10-2263] Analyzing Verilog file "C:/Users/Roy/Desktop/Proj Local/FPGA-part-time/PCIE_simulation/dma_performance_demo/pcie_7x_0_example/pcie_7x_0_example.srcs/sources_1/ip/pcie_7x_0/source/pcie_7x_0_gt_common.v" into library xil_defaultlib
INFO: [VRFC 10-311] analyzing module pcie_7x_0_gt_common
INFO: [VRFC 10-2263] Analyzing Verilog file "C:/Users/Roy/Desktop/Proj Local/FPGA-part-time/PCIE_simulation/dma_performance_demo/pcie_7x_0_example/pcie_7x_0_example.srcs/sources_1/imports/pcie_7x_0/bmd/BMD_128.v" into library xil_defaultlib
INFO: [VRFC 10-2263] Analyzing Verilog file "C:/Users/Roy/Desktop/Proj Local/FPGA-part-time/PCIE_simulation/dma_performance_demo/pcie_7x_0_example/pcie_7x_0_example.srcs/sources_1/ip/pcie_7x_0/source/pcie_7x_0_gtp_cpllpd_ovrd.v" into library xil_defaultlib
INFO: [VRFC 10-311] analyzing module pcie_7x_0_gtp_cpllpd_ovrd
INFO: [VRFC 10-2263] Analyzing Verilog file "C:/Users/Roy/Desktop/Proj Local/FPGA-part-time/PCIE_simulation/dma_performance_demo/pcie_7x_0_example/pcie_7x_0_example.srcs/sources_1/imports/pcie_7x_0/bmd/BMD_128.v" into library xil_defaultlib
INFO: [VRFC 10-2263] Analyzing Verilog file "C:/Users/Roy/Desktop/Proj Local/FPGA-part-time/PCIE_simulation/dma_performance_demo/pcie_7x_0_example/pcie_7x_0_example.srcs/sources_1/ip/pcie_7x_0/source/pcie_7x_0_gtx_cpllpd_ovrd.v" into library xil_defaultlib
INFO: [VRFC 10-311] analyzing module pcie_7x_0_gtx_cpllpd_ovrd
INFO: [VRFC 10-2263] Analyzing Verilog file "C:/Users/Roy/Desktop/Proj Local/FPGA-part-time/PCIE_simulation/dma_performance_demo/pcie_7x_0_example/pcie_7x_0_example.srcs/sources_1/imports/pcie_7x_0/bmd/BMD_128.v" into library xil_defaultlib
INFO: [VRFC 10-2263] Analyzing Verilog file "C:/Users/Roy/Desktop/Proj Local/FPGA-part-time/PCIE_simulation/dma_performance_demo/pcie_7x_0_example/pcie_7x_0_example.srcs/sources_1/ip/pcie_7x_0/source/pcie_7x_0_gt_rx_valid_filter_7x.v" into library xil_defaultlib
INFO: [VRFC 10-311] analyzing module pcie_7x_0_gt_rx_valid_filter_7x
INFO: [VRFC 10-2263] Analyzing Verilog file "C:/Users/Roy/Desktop/Proj Local/FPGA-part-time/PCIE_simulation/dma_performance_demo/pcie_7x_0_example/pcie_7x_0_example.srcs/sources_1/imports/pcie_7x_0/bmd/BMD_128.v" into library xil_defaultlib
INFO: [VRFC 10-2263] Analyzing Verilog file "C:/Users/Roy/Desktop/Proj Local/FPGA-part-time/PCIE_simulation/dma_performance_demo/pcie_7x_0_example/pcie_7x_0_example.srcs/sources_1/ip/pcie_7x_0/source/pcie_7x_0_gt_wrapper.v" into library xil_defaultlib
INFO: [VRFC 10-311] analyzing module pcie_7x_0_gt_wrapper
INFO: [VRFC 10-2263] Analyzing Verilog file "C:/Users/Roy/Desktop/Proj Local/FPGA-part-time/PCIE_simulation/dma_performance_demo/pcie_7x_0_example/pcie_7x_0_example.srcs/sources_1/imports/pcie_7x_0/bmd/BMD_128.v" into library xil_defaultlib
INFO: [VRFC 10-2263] Analyzing Verilog file "C:/Users/Roy/Desktop/Proj Local/FPGA-part-time/PCIE_simulation/dma_performance_demo/pcie_7x_0_example/pcie_7x_0_example.srcs/sources_1/ip/pcie_7x_0/source/pcie_7x_0_pcie2_top.v" into library xil_defaultlib
INFO: [VRFC 10-311] analyzing module pcie_7x_0_pcie2_top
INFO: [VRFC 10-2263] Analyzing Verilog file "C:/Users/Roy/Desktop/Proj Local/FPGA-part-time/PCIE_simulation/dma_performance_demo/pcie_7x_0_example/pcie_7x_0_example.srcs/sources_1/imports/pcie_7x_0/bmd/BMD_128.v" into library xil_defaultlib
INFO: [VRFC 10-2263] Analyzing Verilog file "C:/Users/Roy/Desktop/Proj Local/FPGA-part-time/PCIE_simulation/dma_performance_demo/pcie_7x_0_example/pcie_7x_0_example.srcs/sources_1/ip/pcie_7x_0/sim/pcie_7x_0.v" into library xil_defaultlib
INFO: [VRFC 10-311] analyzing module pcie_7x_0
INFO: [VRFC 10-2263] Analyzing Verilog file "C:/Users/Roy/Desktop/Proj Local/FPGA-part-time/PCIE_simulation/dma_performance_demo/pcie_7x_0_example/pcie_7x_0_example.srcs/sources_1/imports/pcie_7x_0/bmd/BMD_128.v" into library xil_defaultlib
INFO: [VRFC 10-2263] Analyzing Verilog file "C:/Users/Roy/Desktop/Proj Local/FPGA-part-time/PCIE_simulation/dma_performance_demo/pcie_7x_0_example/pcie_7x_0_example.srcs/sources_1/imports/pcie_7x_0/bmd/BMD.v" into library xil_defaultlib
INFO: [VRFC 10-311] analyzing module BMD
INFO: [VRFC 10-2263] Analyzing Verilog file "C:/Users/Roy/Desktop/Proj Local/FPGA-part-time/PCIE_simulation/dma_performance_demo/pcie_7x_0_example/pcie_7x_0_example.srcs/sources_1/imports/pcie_7x_0/bmd/BMD_128.v" into library xil_defaultlib
INFO: [VRFC 10-2263] Analyzing Verilog file "C:/Users/Roy/Desktop/Proj Local/FPGA-part-time/PCIE_simulation/dma_performance_demo/pcie_7x_0_example/pcie_7x_0_example.srcs/sources_1/imports/pcie_7x_0/bmd/BMD_128_RX_ENGINE.v" into library xil_defaultlib
INFO: [VRFC 10-311] analyzing module BMD_128_RX_ENGINE
INFO: [VRFC 10-2263] Analyzing Verilog file "C:/Users/Roy/Desktop/Proj Local/FPGA-part-time/PCIE_simulation/dma_performance_demo/pcie_7x_0_example/pcie_7x_0_example.srcs/sources_1/imports/pcie_7x_0/bmd/BMD_128.v" into library xil_defaultlib
INFO: [VRFC 10-2263] Analyzing Verilog file "C:/Users/Roy/Desktop/Proj Local/FPGA-part-time/PCIE_simulation/dma_performance_demo/pcie_7x_0_example/pcie_7x_0_example.srcs/sources_1/imports/pcie_7x_0/bmd/BMD_128_TX_ENGINE.v" into library xil_defaultlib
INFO: [VRFC 10-311] analyzing module BMD_128_TX_ENGINE
INFO: [VRFC 10-2263] Analyzing Verilog file "C:/Users/Roy/Desktop/Proj Local/FPGA-part-time/PCIE_simulation/dma_performance_demo/pcie_7x_0_example/pcie_7x_0_example.srcs/sources_1/imports/pcie_7x_0/bmd/BMD_128.v" into library xil_defaultlib
INFO: [VRFC 10-2263] Analyzing Verilog file "C:/Users/Roy/Desktop/Proj Local/FPGA-part-time/PCIE_simulation/dma_performance_demo/pcie_7x_0_example/pcie_7x_0_example.srcs/sources_1/imports/pcie_7x_0/bmd/BMD_CFG_CTRL.v" into library xil_defaultlib
INFO: [VRFC 10-311] analyzing module BMD_CFG_CTRL
INFO: [VRFC 10-2263] Analyzing Verilog file "C:/Users/Roy/Desktop/Proj Local/FPGA-part-time/PCIE_simulation/dma_performance_demo/pcie_7x_0_example/pcie_7x_0_example.srcs/sources_1/imports/pcie_7x_0/bmd/BMD_128.v" into library xil_defaultlib
INFO: [VRFC 10-2263] Analyzing Verilog file "C:/Users/Roy/Desktop/Proj Local/FPGA-part-time/PCIE_simulation/dma_performance_demo/pcie_7x_0_example/pcie_7x_0_example.srcs/sources_1/imports/pcie_7x_0/bmd/BMD_EP.v" into library xil_defaultlib
INFO: [VRFC 10-311] analyzing module BMD_EP
INFO: [VRFC 10-2458] undeclared symbol mrd_phant_func_dis1, assumed default net type wire [C:/Users/Roy/Desktop/Proj Local/FPGA-part-time/PCIE_simulation/dma_performance_demo/pcie_7x_0_example/pcie_7x_0_example.srcs/sources_1/imports/pcie_7x_0/bmd/BMD_EP.v:407]
INFO: [VRFC 10-2458] undeclared symbol mwr_phant_func_dis1, assumed default net type wire [C:/Users/Roy/Desktop/Proj Local/FPGA-part-time/PCIE_simulation/dma_performance_demo/pcie_7x_0_example/pcie_7x_0_example.srcs/sources_1/imports/pcie_7x_0/bmd/BMD_EP.v:422]
INFO: [VRFC 10-2458] undeclared symbol pl_width_change_err, assumed default net type wire [C:/Users/Roy/Desktop/Proj Local/FPGA-part-time/PCIE_simulation/dma_performance_demo/pcie_7x_0_example/pcie_7x_0_example.srcs/sources_1/imports/pcie_7x_0/bmd/BMD_EP.v:447]
INFO: [VRFC 10-2458] undeclared symbol pl_speed_change_err, assumed default net type wire [C:/Users/Roy/Desktop/Proj Local/FPGA-part-time/PCIE_simulation/dma_performance_demo/pcie_7x_0_example/pcie_7x_0_example.srcs/sources_1/imports/pcie_7x_0/bmd/BMD_EP.v:448]
INFO: [VRFC 10-2458] undeclared symbol clr_pl_width_change_err, assumed default net type wire [C:/Users/Roy/Desktop/Proj Local/FPGA-part-time/PCIE_simulation/dma_performance_demo/pcie_7x_0_example/pcie_7x_0_example.srcs/sources_1/imports/pcie_7x_0/bmd/BMD_EP.v:449]
INFO: [VRFC 10-2458] undeclared symbol clr_pl_speed_change_err, assumed default net type wire [C:/Users/Roy/Desktop/Proj Local/FPGA-part-time/PCIE_simulation/dma_performance_demo/pcie_7x_0_example/pcie_7x_0_example.srcs/sources_1/imports/pcie_7x_0/bmd/BMD_EP.v:450]
INFO: [VRFC 10-2458] undeclared symbol clear_directed_speed_change, assumed default net type wire [C:/Users/Roy/Desktop/Proj Local/FPGA-part-time/PCIE_simulation/dma_performance_demo/pcie_7x_0_example/pcie_7x_0_example.srcs/sources_1/imports/pcie_7x_0/bmd/BMD_EP.v:451]
INFO: [VRFC 10-2263] Analyzing Verilog file "C:/Users/Roy/Desktop/Proj Local/FPGA-part-time/PCIE_simulation/dma_performance_demo/pcie_7x_0_example/pcie_7x_0_example.srcs/sources_1/imports/pcie_7x_0/bmd/BMD_128.v" into library xil_defaultlib
INFO: [VRFC 10-2263] Analyzing Verilog file "C:/Users/Roy/Desktop/Proj Local/FPGA-part-time/PCIE_simulation/dma_performance_demo/pcie_7x_0_example/pcie_7x_0_example.srcs/sources_1/imports/pcie_7x_0/bmd/BMD_EP_MEM.v" into library xil_defaultlib
INFO: [VRFC 10-311] analyzing module BMD_EP_MEM
INFO: [VRFC 10-2263] Analyzing Verilog file "C:/Users/Roy/Desktop/Proj Local/FPGA-part-time/PCIE_simulation/dma_performance_demo/pcie_7x_0_example/pcie_7x_0_example.srcs/sources_1/imports/pcie_7x_0/bmd/BMD_128.v" into library xil_defaultlib
INFO: [VRFC 10-2263] Analyzing Verilog file "C:/Users/Roy/Desktop/Proj Local/FPGA-part-time/PCIE_simulation/dma_performance_demo/pcie_7x_0_example/pcie_7x_0_example.srcs/sources_1/imports/pcie_7x_0/bmd/BMD_EP_MEM_ACCESS.v" into library xil_defaultlib
INFO: [VRFC 10-311] analyzing module BMD_EP_MEM_ACCESS
INFO: [VRFC 10-2263] Analyzing Verilog file "C:/Users/Roy/Desktop/Proj Local/FPGA-part-time/PCIE_simulation/dma_performance_demo/pcie_7x_0_example/pcie_7x_0_example.srcs/sources_1/imports/pcie_7x_0/bmd/BMD_128.v" into library xil_defaultlib
INFO: [VRFC 10-2263] Analyzing Verilog file "C:/Users/Roy/Desktop/Proj Local/FPGA-part-time/PCIE_simulation/dma_performance_demo/pcie_7x_0_example/pcie_7x_0_example.srcs/sources_1/imports/pcie_7x_0/bmd/BMD_GEN2.v" into library xil_defaultlib
INFO: [VRFC 10-311] analyzing module BMD_GEN2
INFO: [VRFC 10-2263] Analyzing Verilog file "C:/Users/Roy/Desktop/Proj Local/FPGA-part-time/PCIE_simulation/dma_performance_demo/pcie_7x_0_example/pcie_7x_0_example.srcs/sources_1/imports/pcie_7x_0/bmd/BMD_128.v" into library xil_defaultlib
INFO: [VRFC 10-2263] Analyzing Verilog file "C:/Users/Roy/Desktop/Proj Local/FPGA-part-time/PCIE_simulation/dma_performance_demo/pcie_7x_0_example/pcie_7x_0_example.srcs/sources_1/imports/pcie_7x_0/bmd/BMD_INTR_CTRL.v" into library xil_defaultlib
INFO: [VRFC 10-311] analyzing module BMD_INTR_CTRL
INFO: [VRFC 10-2263] Analyzing Verilog file "C:/Users/Roy/Desktop/Proj Local/FPGA-part-time/PCIE_simulation/dma_performance_demo/pcie_7x_0_example/pcie_7x_0_example.srcs/sources_1/imports/pcie_7x_0/bmd/BMD_128.v" into library xil_defaultlib
INFO: [VRFC 10-2263] Analyzing Verilog file "C:/Users/Roy/Desktop/Proj Local/FPGA-part-time/PCIE_simulation/dma_performance_demo/pcie_7x_0_example/pcie_7x_0_example.srcs/sources_1/imports/pcie_7x_0/bmd/BMD_RD_THROTTLE.v" into library xil_defaultlib
INFO: [VRFC 10-311] analyzing module BMD_RD_THROTTLE
INFO: [VRFC 10-2263] Analyzing Verilog file "C:/Users/Roy/Desktop/Proj Local/FPGA-part-time/PCIE_simulation/dma_performance_demo/pcie_7x_0_example/pcie_7x_0_example.srcs/sources_1/imports/pcie_7x_0/bmd/BMD_128.v" into library xil_defaultlib
INFO: [VRFC 10-2263] Analyzing Verilog file "C:/Users/Roy/Desktop/Proj Local/FPGA-part-time/PCIE_simulation/dma_performance_demo/pcie_7x_0_example/pcie_7x_0_example.srcs/sources_1/imports/pcie_7x_0/bmd/BMD_TO_CTRL.v" into library xil_defaultlib
INFO: [VRFC 10-311] analyzing module BMD_TO_CTRL
INFO: [VRFC 10-2263] Analyzing Verilog file "C:/Users/Roy/Desktop/Proj Local/FPGA-part-time/PCIE_simulation/dma_performance_demo/pcie_7x_0_example/pcie_7x_0_example.srcs/sources_1/imports/pcie_7x_0/bmd/BMD_128.v" into library xil_defaultlib
INFO: [VRFC 10-2263] Analyzing Verilog file "C:/Users/Roy/Desktop/Proj Local/FPGA-part-time/PCIE_simulation/dma_performance_demo/pcie_7x_0_example/pcie_7x_0_example.srcs/sources_1/imports/pcie_7x_0/bmd/axi_trn_rx.v" into library xil_defaultlib
INFO: [VRFC 10-311] analyzing module axi_trn_rx
INFO: [VRFC 10-2458] undeclared symbol trn_recrc_gen, assumed default net type wire [C:/Users/Roy/Desktop/Proj Local/FPGA-part-time/PCIE_simulation/dma_performance_demo/pcie_7x_0_example/pcie_7x_0_example.srcs/sources_1/imports/pcie_7x_0/bmd/axi_trn_rx.v:222]
INFO: [VRFC 10-2263] Analyzing Verilog file "C:/Users/Roy/Desktop/Proj Local/FPGA-part-time/PCIE_simulation/dma_performance_demo/pcie_7x_0_example/pcie_7x_0_example.srcs/sources_1/imports/pcie_7x_0/bmd/BMD_128.v" into library xil_defaultlib
INFO: [VRFC 10-2263] Analyzing Verilog file "C:/Users/Roy/Desktop/Proj Local/FPGA-part-time/PCIE_simulation/dma_performance_demo/pcie_7x_0_example/pcie_7x_0_example.srcs/sources_1/imports/pcie_7x_0/bmd/axi_trn_top.v" into library xil_defaultlib
INFO: [VRFC 10-311] analyzing module axi_trn_top
INFO: [VRFC 10-2263] Analyzing Verilog file "C:/Users/Roy/Desktop/Proj Local/FPGA-part-time/PCIE_simulation/dma_performance_demo/pcie_7x_0_example/pcie_7x_0_example.srcs/sources_1/imports/pcie_7x_0/bmd/BMD_128.v" into library xil_defaultlib
INFO: [VRFC 10-2263] Analyzing Verilog file "C:/Users/Roy/Desktop/Proj Local/FPGA-part-time/PCIE_simulation/dma_performance_demo/pcie_7x_0_example/pcie_7x_0_example.srcs/sources_1/imports/pcie_7x_0/bmd/axi_trn_tx.v" into library xil_defaultlib
INFO: [VRFC 10-311] analyzing module axi_trn_tx
INFO: [VRFC 10-2263] Analyzing Verilog file "C:/Users/Roy/Desktop/Proj Local/FPGA-part-time/PCIE_simulation/dma_performance_demo/pcie_7x_0_example/pcie_7x_0_example.srcs/sources_1/imports/pcie_7x_0/bmd/BMD_128.v" into library xil_defaultlib
INFO: [VRFC 10-2263] Analyzing Verilog file "C:/Users/Roy/Desktop/Proj Local/FPGA-part-time/PCIE_simulation/dma_performance_demo/pcie_7x_0_example/pcie_7x_0_example.srcs/sim_1/imports/pcie_7x_0/simulation/dsport/pci_exp_usrapp_cfg.v" into library xil_defaultlib
INFO: [VRFC 10-311] analyzing module pci_exp_usrapp_cfg
INFO: [VRFC 10-2263] Analyzing Verilog file "C:/Users/Roy/Desktop/Proj Local/FPGA-part-time/PCIE_simulation/dma_performance_demo/pcie_7x_0_example/pcie_7x_0_example.srcs/sources_1/imports/pcie_7x_0/bmd/BMD_128.v" into library xil_defaultlib
INFO: [VRFC 10-2263] Analyzing Verilog file "C:/Users/Roy/Desktop/Proj Local/FPGA-part-time/PCIE_simulation/dma_performance_demo/pcie_7x_0_example/pcie_7x_0_example.srcs/sim_1/imports/pcie_7x_0/simulation/dsport/pci_exp_usrapp_com.v" into library xil_defaultlib
INFO: [VRFC 10-311] analyzing module pci_exp_usrapp_com
INFO: [VRFC 10-2263] Analyzing Verilog file "C:/Users/Roy/Desktop/Proj Local/FPGA-part-time/PCIE_simulation/dma_performance_demo/pcie_7x_0_example/pcie_7x_0_example.srcs/sources_1/imports/pcie_7x_0/bmd/BMD_128.v" into library xil_defaultlib
INFO: [VRFC 10-2263] Analyzing Verilog file "C:/Users/Roy/Desktop/Proj Local/FPGA-part-time/PCIE_simulation/dma_performance_demo/pcie_7x_0_example/pcie_7x_0_example.srcs/sim_1/imports/pcie_7x_0/simulation/dsport/pci_exp_usrapp_pl.v" into library xil_defaultlib
INFO: [VRFC 10-311] analyzing module pci_exp_usrapp_pl
INFO: [VRFC 10-2263] Analyzing Verilog file "C:/Users/Roy/Desktop/Proj Local/FPGA-part-time/PCIE_simulation/dma_performance_demo/pcie_7x_0_example/pcie_7x_0_example.srcs/sources_1/imports/pcie_7x_0/bmd/BMD_128.v" into library xil_defaultlib
INFO: [VRFC 10-2263] Analyzing Verilog file "C:/Users/Roy/Desktop/Proj Local/FPGA-part-time/PCIE_simulation/dma_performance_demo/pcie_7x_0_example/pcie_7x_0_example.srcs/sim_1/imports/pcie_7x_0/simulation/dsport/pci_exp_usrapp_rx.v" into library xil_defaultlib
INFO: [VRFC 10-311] analyzing module pci_exp_usrapp_rx
INFO: [VRFC 10-2263] Analyzing Verilog file "C:/Users/Roy/Desktop/Proj Local/FPGA-part-time/PCIE_simulation/dma_performance_demo/pcie_7x_0_example/pcie_7x_0_example.srcs/sources_1/imports/pcie_7x_0/bmd/BMD_128.v" into library xil_defaultlib
INFO: [VRFC 10-2263] Analyzing Verilog file "C:/Users/Roy/Desktop/Proj Local/FPGA-part-time/PCIE_simulation/dma_performance_demo/pcie_7x_0_example/pcie_7x_0_example.srcs/sim_1/imports/pcie_7x_0/simulation/dsport/pci_exp_usrapp_tx.v" into library xil_defaultlib
INFO: [VRFC 10-311] analyzing module pci_exp_usrapp_tx
INFO: [VRFC 10-2263] Analyzing Verilog file "C:/Users/Roy/Desktop/Proj Local/FPGA-part-time/PCIE_simulation/dma_performance_demo/pcie_7x_0_example/pcie_7x_0_example.srcs/sources_1/imports/pcie_7x_0/bmd/BMD_128.v" into library xil_defaultlib
INFO: [VRFC 10-2263] Analyzing Verilog file "C:/Users/Roy/Desktop/Proj Local/FPGA-part-time/PCIE_simulation/dma_performance_demo/pcie_7x_0_example/pcie_7x_0_example.srcs/sim_1/imports/pcie_7x_0/simulation/dsport/pcie_2_1_rport_7x.v" into library xil_defaultlib
INFO: [VRFC 10-311] analyzing module pcie_2_1_rport_7x
INFO: [VRFC 10-2458] undeclared symbol qpll_qplld, assumed default net type wire [C:/Users/Roy/Desktop/Proj Local/FPGA-part-time/PCIE_simulation/dma_performance_demo/pcie_7x_0_example/pcie_7x_0_example.srcs/sim_1/imports/pcie_7x_0/simulation/dsport/pcie_2_1_rport_7x.v:1757]
INFO: [VRFC 10-2458] undeclared symbol qpll_drp_clk, assumed default net type wire [C:/Users/Roy/Desktop/Proj Local/FPGA-part-time/PCIE_simulation/dma_performance_demo/pcie_7x_0_example/pcie_7x_0_example.srcs/sim_1/imports/pcie_7x_0/simulation/dsport/pcie_2_1_rport_7x.v:1759]
INFO: [VRFC 10-2458] undeclared symbol qpll_drp_rst_n, assumed default net type wire [C:/Users/Roy/Desktop/Proj Local/FPGA-part-time/PCIE_simulation/dma_performance_demo/pcie_7x_0_example/pcie_7x_0_example.srcs/sim_1/imports/pcie_7x_0/simulation/dsport/pcie_2_1_rport_7x.v:1760]
INFO: [VRFC 10-2458] undeclared symbol qpll_drp_ovrd, assumed default net type wire [C:/Users/Roy/Desktop/Proj Local/FPGA-part-time/PCIE_simulation/dma_performance_demo/pcie_7x_0_example/pcie_7x_0_example.srcs/sim_1/imports/pcie_7x_0/simulation/dsport/pcie_2_1_rport_7x.v:1761]
INFO: [VRFC 10-2458] undeclared symbol qpll_drp_gen3, assumed default net type wire [C:/Users/Roy/Desktop/Proj Local/FPGA-part-time/PCIE_simulation/dma_performance_demo/pcie_7x_0_example/pcie_7x_0_example.srcs/sim_1/imports/pcie_7x_0/simulation/dsport/pcie_2_1_rport_7x.v:1762]
INFO: [VRFC 10-2458] undeclared symbol qpll_drp_start, assumed default net type wire [C:/Users/Roy/Desktop/Proj Local/FPGA-part-time/PCIE_simulation/dma_performance_demo/pcie_7x_0_example/pcie_7x_0_example.srcs/sim_1/imports/pcie_7x_0/simulation/dsport/pcie_2_1_rport_7x.v:1763]
INFO: [VRFC 10-2458] undeclared symbol pipe_rst_idle, assumed default net type wire [C:/Users/Roy/Desktop/Proj Local/FPGA-part-time/PCIE_simulation/dma_performance_demo/pcie_7x_0_example/pcie_7x_0_example.srcs/sim_1/imports/pcie_7x_0/simulation/dsport/pcie_2_1_rport_7x.v:1791]
INFO: [VRFC 10-2458] undeclared symbol pipe_qrst_idle, assumed default net type wire [C:/Users/Roy/Desktop/Proj Local/FPGA-part-time/PCIE_simulation/dma_performance_demo/pcie_7x_0_example/pcie_7x_0_example.srcs/sim_1/imports/pcie_7x_0/simulation/dsport/pcie_2_1_rport_7x.v:1792]
INFO: [VRFC 10-2458] undeclared symbol pipe_rate_idle, assumed default net type wire [C:/Users/Roy/Desktop/Proj Local/FPGA-part-time/PCIE_simulation/dma_performance_demo/pcie_7x_0_example/pcie_7x_0_example.srcs/sim_1/imports/pcie_7x_0/simulation/dsport/pcie_2_1_rport_7x.v:1793]
INFO: [VRFC 10-2263] Analyzing Verilog file "C:/Users/Roy/Desktop/Proj Local/FPGA-part-time/PCIE_simulation/dma_performance_demo/pcie_7x_0_example/pcie_7x_0_example.srcs/sources_1/imports/pcie_7x_0/bmd/BMD_128.v" into library xil_defaultlib
INFO: [VRFC 10-2263] Analyzing Verilog file "C:/Users/Roy/Desktop/Proj Local/FPGA-part-time/PCIE_simulation/dma_performance_demo/pcie_7x_0_example/pcie_7x_0_example.srcs/sim_1/imports/pcie_7x_0/source/pcie_7x_0_gt_top_pipe_mode.v" into library xil_defaultlib
INFO: [VRFC 10-311] analyzing module pcie_7x_0_gt_top_pipe_mode
INFO: [VRFC 10-2263] Analyzing Verilog file "C:/Users/Roy/Desktop/Proj Local/FPGA-part-time/PCIE_simulation/dma_performance_demo/pcie_7x_0_example/pcie_7x_0_example.srcs/sources_1/imports/pcie_7x_0/bmd/BMD_128.v" into library xil_defaultlib
INFO: [VRFC 10-2263] Analyzing Verilog file "C:/Users/Roy/Desktop/Proj Local/FPGA-part-time/PCIE_simulation/dma_performance_demo/pcie_7x_0_example/pcie_7x_0_example.srcs/sources_1/imports/pcie_7x_0/bmd/pcie_app_7x_bmd.v" into library xil_defaultlib
INFO: [VRFC 10-311] analyzing module pcie_app_7x
INFO: [VRFC 10-2458] undeclared symbol trn_tsrc_dsc_n, assumed default net type wire [C:/Users/Roy/Desktop/Proj Local/FPGA-part-time/PCIE_simulation/dma_performance_demo/pcie_7x_0_example/pcie_7x_0_example.srcs/sources_1/imports/pcie_7x_0/bmd/pcie_app_7x_bmd.v:228]
INFO: [VRFC 10-2263] Analyzing Verilog file "C:/Users/Roy/Desktop/Proj Local/FPGA-part-time/PCIE_simulation/dma_performance_demo/pcie_7x_0_example/pcie_7x_0_example.srcs/sources_1/imports/pcie_7x_0/bmd/BMD_128.v" into library xil_defaultlib
INFO: [VRFC 10-2263] Analyzing Verilog file "C:/Users/Roy/Desktop/Proj Local/FPGA-part-time/PCIE_simulation/dma_performance_demo/pcie_7x_0_example/pcie_7x_0_example.srcs/sim_1/imports/pcie_7x_0/simulation/dsport/pcie_axi_trn_bridge.v" into library xil_defaultlib
INFO: [VRFC 10-311] analyzing module pcie_axi_trn_bridge
INFO: [VRFC 10-2263] Analyzing Verilog file "C:/Users/Roy/Desktop/Proj Local/FPGA-part-time/PCIE_simulation/dma_performance_demo/pcie_7x_0_example/pcie_7x_0_example.srcs/sources_1/imports/pcie_7x_0/bmd/BMD_128.v" into library xil_defaultlib
INFO: [VRFC 10-2263] Analyzing Verilog file "C:/Users/Roy/Desktop/Proj Local/FPGA-part-time/PCIE_simulation/dma_performance_demo/pcie_7x_0_example/pcie_7x_0_example.srcs/sim_1/imports/pcie_7x_0/simulation/functional/sys_clk_gen.v" into library xil_defaultlib
INFO: [VRFC 10-311] analyzing module sys_clk_gen
INFO: [VRFC 10-2263] Analyzing Verilog file "C:/Users/Roy/Desktop/Proj Local/FPGA-part-time/PCIE_simulation/dma_performance_demo/pcie_7x_0_example/pcie_7x_0_example.srcs/sources_1/imports/pcie_7x_0/bmd/BMD_128.v" into library xil_defaultlib
INFO: [VRFC 10-2263] Analyzing Verilog file "C:/Users/Roy/Desktop/Proj Local/FPGA-part-time/PCIE_simulation/dma_performance_demo/pcie_7x_0_example/pcie_7x_0_example.srcs/sim_1/imports/pcie_7x_0/simulation/functional/sys_clk_gen_ds.v" into library xil_defaultlib
INFO: [VRFC 10-311] analyzing module sys_clk_gen_ds
INFO: [VRFC 10-2263] Analyzing Verilog file "C:/Users/Roy/Desktop/Proj Local/FPGA-part-time/PCIE_simulation/dma_performance_demo/pcie_7x_0_example/pcie_7x_0_example.srcs/sources_1/imports/pcie_7x_0/bmd/BMD_128.v" into library xil_defaultlib
INFO: [VRFC 10-2263] Analyzing Verilog file "C:/Users/Roy/Desktop/Proj Local/FPGA-part-time/PCIE_simulation/dma_performance_demo/pcie_7x_0_example/pcie_7x_0_example.srcs/sources_1/imports/pcie_7x_0/example_design/xilinx_pcie_2_1_ep_7x.v" into library xil_defaultlib
INFO: [VRFC 10-311] analyzing module xilinx_pcie_2_1_ep_7x
INFO: [VRFC 10-2263] Analyzing Verilog file "C:/Users/Roy/Desktop/Proj Local/FPGA-part-time/PCIE_simulation/dma_performance_demo/pcie_7x_0_example/pcie_7x_0_example.srcs/sources_1/imports/pcie_7x_0/bmd/BMD_128.v" into library xil_defaultlib
INFO: [VRFC 10-2263] Analyzing Verilog file "C:/Users/Roy/Desktop/Proj Local/FPGA-part-time/PCIE_simulation/dma_performance_demo/pcie_7x_0_example/pcie_7x_0_example.srcs/sim_1/imports/pcie_7x_0/simulation/dsport/xilinx_pcie_2_1_rport_7x.v" into library xil_defaultlib
INFO: [VRFC 10-311] analyzing module xilinx_pcie_2_1_rport_7x
INFO: [VRFC 10-2263] Analyzing Verilog file "C:/Users/Roy/Desktop/Proj Local/FPGA-part-time/PCIE_simulation/dma_performance_demo/pcie_7x_0_example/pcie_7x_0_example.srcs/sources_1/imports/pcie_7x_0/bmd/BMD_128.v" into library xil_defaultlib
INFO: [VRFC 10-2263] Analyzing Verilog file "C:/Users/Roy/Desktop/Proj Local/FPGA-part-time/PCIE_simulation/dma_performance_demo/pcie_7x_0_example/pcie_7x_0_example.srcs/sim_1/imports/pcie_7x_0/simulation/functional/board.v" into library xil_defaultlib
INFO: [VRFC 10-311] analyzing module board
INFO: [VRFC 10-2458] undeclared symbol ep_sys_clk_n, assumed default net type wire [C:/Users/Roy/Desktop/Proj Local/FPGA-part-time/PCIE_simulation/dma_performance_demo/pcie_7x_0_example/pcie_7x_0_example.srcs/sim_1/imports/pcie_7x_0/simulation/functional/board.v:113]
INFO: [VRFC 10-2458] undeclared symbol ep_sys_clk_p, assumed default net type wire [C:/Users/Roy/Desktop/Proj Local/FPGA-part-time/PCIE_simulation/dma_performance_demo/pcie_7x_0_example/pcie_7x_0_example.srcs/sim_1/imports/pcie_7x_0/simulation/functional/board.v:114]
INFO: [VRFC 10-2263] Analyzing Verilog file "C:/Users/Roy/Desktop/Proj Local/FPGA-part-time/PCIE_simulation/dma_performance_demo/pcie_7x_0_example/pcie_7x_0_example.sim/sim_1/behav/glbl.v" into library xil_defaultlib
INFO: [VRFC 10-311] analyzing module glbl
