Release 14.6 - xst P.68d (nt64)
Copyright (c) 1995-2013 Xilinx, Inc.  All rights reserved.
--> Parameter TMPDIR set to xst/projnav.tmp


Total REAL time to Xst completion: 0.00 secs
Total CPU time to Xst completion: 0.36 secs
 
--> Parameter xsthdpdir set to xst


Total REAL time to Xst completion: 0.00 secs
Total CPU time to Xst completion: 0.37 secs
 
--> Reading design: top.prj

TABLE OF CONTENTS
  1) Synthesis Options Summary
  2) HDL Parsing
  3) HDL Elaboration
  4) HDL Synthesis
       4.1) HDL Synthesis Report
  5) Advanced HDL Synthesis
       5.1) Advanced HDL Synthesis Report
  6) Low Level Synthesis
  7) Partition Report
  8) Design Summary
       8.1) Primitive and Black Box Usage
       8.2) Device utilization summary
       8.3) Partition Resource Summary
       8.4) Timing Report
            8.4.1) Clock Information
            8.4.2) Asynchronous Control Signals Information
            8.4.3) Timing Summary
            8.4.4) Timing Details
            8.4.5) Cross Clock Domains Report


=========================================================================
*                      Synthesis Options Summary                        *
=========================================================================
---- Source Parameters
Input File Name                    : "top.prj"
Ignore Synthesis Constraint File   : NO

---- Target Parameters
Output File Name                   : "top"
Output Format                      : NGC
Target Device                      : xc6slx9-2-tqg144

---- Source Options
Top Module Name                    : top
Automatic FSM Extraction           : YES
FSM Encoding Algorithm             : Auto
Safe Implementation                : No
FSM Style                          : LUT
RAM Extraction                     : Yes
RAM Style                          : Auto
ROM Extraction                     : Yes
Shift Register Extraction          : YES
ROM Style                          : Auto
Resource Sharing                   : YES
Asynchronous To Synchronous        : NO
Shift Register Minimum Size        : 2
Use DSP Block                      : Auto
Automatic Register Balancing       : No

---- Target Options
LUT Combining                      : Auto
Reduce Control Sets                : Auto
Add IO Buffers                     : YES
Global Maximum Fanout              : 100000
Add Generic Clock Buffer(BUFG)     : 16
Register Duplication               : YES
Optimize Instantiated Primitives   : NO
Use Clock Enable                   : Auto
Use Synchronous Set                : Auto
Use Synchronous Reset              : Auto
Pack IO Registers into IOBs        : Auto
Equivalent register Removal        : YES

---- General Options
Optimization Goal                  : Speed
Optimization Effort                : 1
Power Reduction                    : NO
Keep Hierarchy                     : No
Netlist Hierarchy                  : As_Optimized
RTL Output                         : Yes
Global Optimization                : AllClockNets
Read Cores                         : YES
Write Timing Constraints           : NO
Cross Clock Analysis               : NO
Hierarchy Separator                : /
Bus Delimiter                      : <>
Case Specifier                     : Maintain
Slice Utilization Ratio            : 100
BRAM Utilization Ratio             : 100
DSP48 Utilization Ratio            : 100
Auto BRAM Packing                  : NO
Slice Utilization Ratio Delta      : 5

---- Other Options
Cores Search Directories           : {"ipcore_dir"  }

=========================================================================


=========================================================================
*                          HDL Parsing                                  *
=========================================================================
Analyzing Verilog file "C:\Users\Roy\Desktop\Proj Local\FPGA-part-time\uart\ipcore_dir\clk_gen.v" into library work
Parsing module <clk_gen>.
Analyzing Verilog file "C:\Users\Roy\Desktop\Proj Local\FPGA-part-time\uart\source\uart\clk_div_uart.v" into library work
Parsing module <clk_div_uart>.
Analyzing Verilog file "C:\Users\Roy\Desktop\Proj Local\FPGA-part-time\uart\source\uart\uart_tx.v" into library work
Parsing module <uart_tx>.
Analyzing Verilog file "C:\Users\Roy\Desktop\Proj Local\FPGA-part-time\uart\source\uart\uart_rx.v" into library work
Parsing module <uart_rx>.
Analyzing Verilog file "C:\Users\Roy\Desktop\Proj Local\FPGA-part-time\uart\source\uart\uart_ctrl.v" into library work
Parsing module <uart_ctrl>.
Analyzing Verilog file "C:\Users\Roy\Desktop\Proj Local\FPGA-part-time\uart\source\top\top.v" into library work
Parsing module <top>.

=========================================================================
*                            HDL Elaboration                            *
=========================================================================

Elaborating module <top>.

Elaborating module <clk_gen>.

Elaborating module <IBUFG>.

Elaborating module <DCM_SP(CLKDV_DIVIDE=2.0,CLKFX_DIVIDE=1,CLKFX_MULTIPLY=4,CLKIN_DIVIDE_BY_2="FALSE",CLKIN_PERIOD=40.0,CLKOUT_PHASE_SHIFT="NONE",CLK_FEEDBACK="2X",DESKEW_ADJUST="SYSTEM_SYNCHRONOUS",PHASE_SHIFT=0,STARTUP_WAIT="FALSE")>.
WARNING:HDLCompiler:1127 - "C:\Users\Roy\Desktop\Proj Local\FPGA-part-time\uart\ipcore_dir\clk_gen.v" Line 129: Assignment to status_int ignored, since the identifier is never used

Elaborating module <BUFG>.

Elaborating module <uart_ctrl(baud_div=216,cnt_width=8)>.

Elaborating module <uart_tx(baud_div=216,cnt_width=8)>.

Elaborating module <clk_div_uart(baud_div=216,cnt_width=8)>.

Elaborating module <uart_rx(baud_div=216,cnt_width=8)>.

=========================================================================
*                           HDL Synthesis                               *
=========================================================================

Synthesizing Unit <top>.
    Related source file is "C:\Users\Roy\Desktop\Proj Local\FPGA-part-time\uart\source\top\top.v".
    Found 8-bit register for signal <uart_tx_dat>.
    Found 1-bit register for signal <uart_tx_en>.
    Summary:
	inferred   9 D-type flip-flop(s).
Unit <top> synthesized.

Synthesizing Unit <clk_gen>.
    Related source file is "C:\Users\Roy\Desktop\Proj Local\FPGA-part-time\uart\ipcore_dir\clk_gen.v".
    Summary:
	no macro.
Unit <clk_gen> synthesized.

Synthesizing Unit <uart_ctrl>.
    Related source file is "C:\Users\Roy\Desktop\Proj Local\FPGA-part-time\uart\source\uart\uart_ctrl.v".
        baud_div = 216
        cnt_width = 8
    Summary:
	no macro.
Unit <uart_ctrl> synthesized.

Synthesizing Unit <uart_tx>.
    Related source file is "C:\Users\Roy\Desktop\Proj Local\FPGA-part-time\uart\source\uart\uart_tx.v".
        baud_div = 216
        cnt_width = 8
    Found 1-bit register for signal <tx>.
    Found 5-bit register for signal <cnt>.
    Found 8-bit register for signal <tx_dat_r>.
    Found 1-bit register for signal <tx_en_r>.
    Found 1-bit register for signal <tx_last>.
    Found 5-bit adder for signal <cnt[4]_GND_7_o_add_3_OUT> created at line 77.
    Found 1-bit 12-to-1 multiplexer for signal <cnt[4]_PWR_7_o_Mux_7_o> created at line 86.
    Summary:
	inferred   1 Adder/Subtractor(s).
	inferred  16 D-type flip-flop(s).
	inferred   2 Multiplexer(s).
Unit <uart_tx> synthesized.

Synthesizing Unit <clk_div_uart>.
    Related source file is "C:\Users\Roy\Desktop\Proj Local\FPGA-part-time\uart\source\uart\clk_div_uart.v".
        baud_div = 216
        cnt_width = 8
    Found 1-bit register for signal <o_clk_half_pule>.
    Found 8-bit register for signal <cnt>.
    Found 8-bit adder for signal <cnt[7]_GND_8_o_add_1_OUT> created at line 38.
    Summary:
	inferred   1 Adder/Subtractor(s).
	inferred   9 D-type flip-flop(s).
	inferred   2 Multiplexer(s).
Unit <clk_div_uart> synthesized.

Synthesizing Unit <uart_rx>.
    Related source file is "C:\Users\Roy\Desktop\Proj Local\FPGA-part-time\uart\source\uart\uart_rx.v".
        baud_div = 216
        cnt_width = 8
    Found 5-bit register for signal <cnt>.
    Found 8-bit register for signal <rx_dat>.
    Found 2-bit register for signal <rx_rdy_dly>.
    Found 2-bit register for signal <rx_dly>.
    Found 1-bit register for signal <rx_last>.
    Found 5-bit adder for signal <cnt[4]_GND_10_o_add_2_OUT> created at line 76.
    Summary:
	inferred   1 Adder/Subtractor(s).
	inferred  18 D-type flip-flop(s).
	inferred   1 Multiplexer(s).
Unit <uart_rx> synthesized.

=========================================================================
HDL Synthesis Report

Macro Statistics
# Adders/Subtractors                                   : 4
 5-bit adder                                           : 2
 8-bit adder                                           : 2
# Registers                                            : 16
 1-bit register                                        : 7
 2-bit register                                        : 2
 5-bit register                                        : 2
 8-bit register                                        : 5
# Multiplexers                                         : 7
 1-bit 12-to-1 multiplexer                             : 1
 5-bit 2-to-1 multiplexer                              : 2
 8-bit 2-to-1 multiplexer                              : 4

=========================================================================

=========================================================================
*                       Advanced HDL Synthesis                          *
=========================================================================


Synthesizing (advanced) Unit <uart_rx>.
The following registers are absorbed into counter <cnt>: 1 register on signal <cnt>.
Unit <uart_rx> synthesized (advanced).

Synthesizing (advanced) Unit <uart_tx>.
The following registers are absorbed into counter <cnt>: 1 register on signal <cnt>.
Unit <uart_tx> synthesized (advanced).

=========================================================================
Advanced HDL Synthesis Report

Macro Statistics
# Adders/Subtractors                                   : 2
 8-bit adder                                           : 2
# Counters                                             : 2
 5-bit up counter                                      : 2
# Registers                                            : 51
 Flip-Flops                                            : 51
# Multiplexers                                         : 5
 1-bit 12-to-1 multiplexer                             : 1
 8-bit 2-to-1 multiplexer                              : 4

=========================================================================

=========================================================================
*                         Low Level Synthesis                           *
=========================================================================

Optimizing unit <top> ...

Optimizing unit <uart_tx> ...

Optimizing unit <clk_div_uart> ...

Optimizing unit <uart_rx> ...

Mapping all equations...
Building and optimizing final netlist ...
Found area constraint ratio of 100 (+ 5) on block top, actual ratio is 1.

Final Macro Processing ...

=========================================================================
Final Register Report

Macro Statistics
# Registers                                            : 61
 Flip-Flops                                            : 61

=========================================================================

=========================================================================
*                           Partition Report                            *
=========================================================================

Partition Implementation Status
-------------------------------

  No Partitions were found in this design.

-------------------------------

=========================================================================
*                            Design Summary                             *
=========================================================================

Top Level Output File Name         : top.ngc

Primitive and Black Box Usage:
------------------------------
# BELS                             : 64
#      GND                         : 1
#      INV                         : 2
#      LUT2                        : 9
#      LUT3                        : 11
#      LUT4                        : 6
#      LUT5                        : 4
#      LUT6                        : 27
#      MUXF7                       : 3
#      VCC                         : 1
# FlipFlops/Latches                : 61
#      FDC                         : 26
#      FDCE                        : 34
#      FDP                         : 1
# Clock Buffers                    : 2
#      BUFG                        : 2
# IO Buffers                       : 12
#      IBUF                        : 2
#      IBUFG                       : 1
#      OBUF                        : 9
# DCMs                             : 1
#      DCM_SP                      : 1

Device utilization summary:
---------------------------

Selected Device : 6slx9tqg144-2 


Slice Logic Utilization: 
 Number of Slice Registers:              61  out of  11440     0%  
 Number of Slice LUTs:                   59  out of   5720     1%  
    Number used as Logic:                59  out of   5720     1%  

Slice Logic Distribution: 
 Number of LUT Flip Flop pairs used:     81
   Number with an unused Flip Flop:      20  out of     81    24%  
   Number with an unused LUT:            22  out of     81    27%  
   Number of fully used LUT-FF pairs:    39  out of     81    48%  
   Number of unique control sets:         7

IO Utilization: 
 Number of IOs:                          12
 Number of bonded IOBs:                  12  out of    102    11%  

Specific Feature Utilization:
 Number of BUFG/BUFGCTRLs:                2  out of     16    12%  

---------------------------
Partition Resource Summary:
---------------------------

  No Partitions were found in this design.

---------------------------


=========================================================================
Timing Report

NOTE: THESE TIMING NUMBERS ARE ONLY A SYNTHESIS ESTIMATE.
      FOR ACCURATE TIMING INFORMATION PLEASE REFER TO THE TRACE REPORT
      GENERATED AFTER PLACE-and-ROUTE.

Clock Information:
------------------
-----------------------------------+------------------------+-------+
Clock Signal                       | Clock buffer(FF name)  | Load  |
-----------------------------------+------------------------+-------+
i_clk                              | DCM_SP:CLK2X           | 61    |
-----------------------------------+------------------------+-------+

Asynchronous Control Signals Information:
----------------------------------------
No asynchronous control signals found in this design

Timing Summary:
---------------
Speed Grade: -2

   Minimum period: 7.932ns (Maximum Frequency: 126.072MHz)
   Minimum input arrival time before clock: 2.422ns
   Maximum output required time after clock: 4.162ns
   Maximum combinational path delay: No path found

Timing Details:
---------------
All values displayed in nanoseconds (ns)

=========================================================================
Timing constraint: Default period analysis for Clock 'i_clk'
  Clock period: 7.932ns (frequency: 126.072MHz)
  Total number of paths / destination ports: 368 / 102
-------------------------------------------------------------------------
Delay:               3.966ns (Levels of Logic = 3)
  Source:            u_uart/u_uart_tx/tx_dat_r_0 (FF)
  Destination:       u_uart/u_uart_tx/tx (FF)
  Source Clock:      i_clk rising 2.0X
  Destination Clock: i_clk rising 2.0X

  Data Path: u_uart/u_uart_tx/tx_dat_r_0 to u_uart/u_uart_tx/tx
                                Gate     Net
    Cell:in->out      fanout   Delay   Delay  Logical Name (Net Name)
    ----------------------------------------  ------------
     FDCE:C->Q             1   0.525   1.137  u_uart/u_uart_tx/tx_dat_r_0 (u_uart/u_uart_tx/tx_dat_r_0)
     LUT6:I0->O            1   0.254   0.790  u_uart/u_uart_tx/Mmux_cnt[4]_PWR_7_o_Mux_7_o25_SW0 (N22)
     LUT6:I4->O            1   0.250   0.682  u_uart/u_uart_tx/Mmux_cnt[4]_PWR_7_o_Mux_7_o25 (u_uart/u_uart_tx/cnt[4]_PWR_7_o_Mux_7_o)
     LUT3:I2->O            1   0.254   0.000  u_uart/u_uart_tx/tx_rstpot (u_uart/u_uart_tx/tx_rstpot)
     FDP:D                     0.074          u_uart/u_uart_tx/tx
    ----------------------------------------
    Total                      3.966ns (1.357ns logic, 2.609ns route)
                                       (34.2% logic, 65.8% route)

=========================================================================
Timing constraint: Default OFFSET IN BEFORE for Clock 'i_clk'
  Total number of paths / destination ports: 3 / 3
-------------------------------------------------------------------------
Offset:              2.422ns (Levels of Logic = 2)
  Source:            uart_rx (PAD)
  Destination:       u_uart/u_uart_rx/rx_last (FF)
  Destination Clock: i_clk rising 2.0X

  Data Path: uart_rx to u_uart/u_uart_rx/rx_last
                                Gate     Net
    Cell:in->out      fanout   Delay   Delay  Logical Name (Net Name)
    ----------------------------------------  ------------
     IBUF:I->O             3   1.328   0.766  uart_rx_IBUF (uart_rx_IBUF)
     LUT6:I5->O            1   0.254   0.000  u_uart/u_uart_rx/rx_last_rstpot (u_uart/u_uart_rx/rx_last_rstpot)
     FDC:D                     0.074          u_uart/u_uart_rx/rx_last
    ----------------------------------------
    Total                      2.422ns (1.656ns logic, 0.766ns route)
                                       (68.4% logic, 31.6% route)

=========================================================================
Timing constraint: Default OFFSET OUT AFTER for Clock 'i_clk'
  Total number of paths / destination ports: 1 / 1
-------------------------------------------------------------------------
Offset:              4.162ns (Levels of Logic = 1)
  Source:            u_uart/u_uart_tx/tx (FF)
  Destination:       uart_tx (PAD)
  Source Clock:      i_clk rising 2.0X

  Data Path: u_uart/u_uart_tx/tx to uart_tx
                                Gate     Net
    Cell:in->out      fanout   Delay   Delay  Logical Name (Net Name)
    ----------------------------------------  ------------
     FDP:C->Q              2   0.525   0.725  u_uart/u_uart_tx/tx (u_uart/u_uart_tx/tx)
     OBUF:I->O                 2.912          uart_tx_OBUF (uart_tx)
    ----------------------------------------
    Total                      4.162ns (3.437ns logic, 0.725ns route)
                                       (82.6% logic, 17.4% route)

=========================================================================

Cross Clock Domains Report:
--------------------------

Clock to Setup on destination clock i_clk
---------------+---------+---------+---------+---------+
               | Src:Rise| Src:Fall| Src:Rise| Src:Fall|
Source Clock   |Dest:Rise|Dest:Rise|Dest:Fall|Dest:Fall|
---------------+---------+---------+---------+---------+
i_clk          |    3.966|         |         |         |
---------------+---------+---------+---------+---------+

=========================================================================


Total REAL time to Xst completion: 9.00 secs
Total CPU time to Xst completion: 9.69 secs
 
--> 

Total memory usage is 256324 kilobytes

Number of errors   :    0 (   0 filtered)
Number of warnings :    1 (   0 filtered)
Number of infos    :    0 (   0 filtered)

